current directory: /Users/max-vev/Local/rbi-inventory/.gems/gems/rbs-3.9.4/ext/rbs_extension
/nix/store/hsdgsnzhdisa06gnra6q4q3dymcrkdw7-ruby-3.1.6/bin/ruby extconf.rb
checking for whether -std=gnu99 is accepted as CFLAGS... yes
creating Makefile

current directory: /Users/max-vev/Local/rbi-inventory/.gems/gems/rbs-3.9.4/ext/rbs_extension
make DESTDIR\= sitearchdir\=./.gem.20250722-85461-84ijvp sitelibdir\=./.gem.20250722-85461-84ijvp clean

current directory: /Users/max-vev/Local/rbi-inventory/.gems/gems/rbs-3.9.4/ext/rbs_extension
make DESTDIR\= sitearchdir\=./.gem.20250722-85461-84ijvp sitelibdir\=./.gem.20250722-85461-84ijvp
compiling ./../../src/constants.c
compiling ./../../src/ruby_objs.c
compiling ./../../src/util/rbs_constant_pool.c
compiling lexer.c
compiling lexstate.c
compiling location.c
compiling main.c
compiling parser.c
compiling parserstate.c
compiling unescape.c
linking shared-object rbs_extension.bundle
ld: warning: directory not found for option '-L/nix/store/eeeeeeeeeeeeeeeeeeeeeeeeeeeeeeee-clang-wrapper-16.0.6/resource-root/lib'

current directory: /Users/max-vev/Local/rbi-inventory/.gems/gems/rbs-3.9.4/ext/rbs_extension
make DESTDIR\= sitearchdir\=./.gem.20250722-85461-84ijvp sitelibdir\=./.gem.20250722-85461-84ijvp install
install -c -p -m 755 rbs_extension.bundle ./.gem.20250722-85461-84ijvp

current directory: /Users/max-vev/Local/rbi-inventory/.gems/gems/rbs-3.9.4/ext/rbs_extension
make DESTDIR\= sitearchdir\=./.gem.20250722-85461-84ijvp sitelibdir\=./.gem.20250722-85461-84ijvp clean
