current directory: /Users/max-vev/Local/rbi-inventory/.gems/gems/psych-5.2.6/ext/psych
/nix/store/hsdgsnzhdisa06gnra6q4q3dymcrkdw7-ruby-3.1.6/bin/ruby extconf.rb
checking for yaml.h... yes
checking for yaml_get_version() in -lyaml... yes
creating Makefile

current directory: /Users/max-vev/Local/rbi-inventory/.gems/gems/psych-5.2.6/ext/psych
make DESTDIR\= sitearchdir\=./.gem.20250722-83211-qofhwh sitelibdir\=./.gem.20250722-83211-qofhwh clean
cd libyaml && make clean
/bin/sh: line 0: cd: libyaml: No such file or directory
make: [Makefile:283: clean-so] Error 1 (ignored)

current directory: /Users/max-vev/Local/rbi-inventory/.gems/gems/psych-5.2.6/ext/psych
make DESTDIR\= sitearchdir\=./.gem.20250722-83211-qofhwh sitelibdir\=./.gem.20250722-83211-qofhwh
compiling psych.c
compiling psych_emitter.c
compiling psych_parser.c
compiling psych_to_ruby.c
compiling psych_yaml_tree.c
linking shared-object psych.bundle
ld: warning: directory not found for option '-L/nix/store/eeeeeeeeeeeeeeeeeeeeeeeeeeeeeeee-clang-wrapper-16.0.6/resource-root/lib'

current directory: /Users/max-vev/Local/rbi-inventory/.gems/gems/psych-5.2.6/ext/psych
make DESTDIR\= sitearchdir\=./.gem.20250722-83211-qofhwh sitelibdir\=./.gem.20250722-83211-qofhwh install
install -c -p -m 755 psych.bundle ./.gem.20250722-83211-qofhwh

current directory: /Users/max-vev/Local/rbi-inventory/.gems/gems/psych-5.2.6/ext/psych
make DESTDIR\= sitearchdir\=./.gem.20250722-83211-qofhwh sitelibdir\=./.gem.20250722-83211-qofhwh clean
cd libyaml && make clean
/bin/sh: line 0: cd: libyaml: No such file or directory
make: [Makefile:283: clean-so] Error 1 (ignored)
