have_func: checking for rb_enc_interned_str() in ruby/encoding.h... -------------------- yes

DYLD_FALLBACK_LIBRARY_PATH=.:/nix/store/hsdgsnzhdisa06gnra6q4q3dymcrkdw7-ruby-3.1.6/lib "clang -o conftest -I/nix/store/hsdgsnzhdisa06gnra6q4q3dymcrkdw7-ruby-3.1.6/include/ruby-3.1.0/arm64-darwin24 -I/nix/store/hsdgsnzhdisa06gnra6q4q3dymcrkdw7-ruby-3.1.6/include/ruby-3.1.0/ruby/backward -I/nix/store/hsdgsnzhdisa06gnra6q4q3dymcrkdw7-ruby-3.1.6/include/ruby-3.1.0 -I. -D_XOPEN_SOURCE -D_DARWIN_C_SOURCE -D_DARWIN_UNLIMITED_SELECT -D_REENTRANT   -fdeclspec -O3 -fno-fast-math -ggdb3 -Wall -Wextra -Wdeprecated-declarations -Wdivision-by-zero -Wimplicit-function-declaration -Wimplicit-int -Wmisleading-indentation -Wpointer-arith -Wshorten-64-to-32 -Wwrite-strings -Wold-style-definition -Wmissing-noreturn -Wno-cast-function-type -Wno-constant-logical-operand -Wno-long-long -Wno-missing-field-initializers -Wno-overlength-strings -Wno-parentheses-equality -Wno-self-assign -Wno-tautological-compare -Wno-unused-parameter -Wno-unused-value -Wunused-variable -Wextra-tokens -Wundef  -fno-common -pipe conftest.c  -L. -L/nix/store/hsdgsnzhdisa06gnra6q4q3dymcrkdw7-ruby-3.1.6/lib -L. -fstack-protector-strong -L/nix/store/8vaabmp60xqyc0qsmakp0jak87yv6xab-libffi-3.4.6-dev/lib -L/nix/store/kn4yni36n8fb9nch269n5fjbsj2nwr8a-ncurses-6.4-dev/lib -L/nix/store/qpcp03pklapa266n5dqx1s33sxqi3jq1-readline-8.2p10-dev/lib -L/nix/store/72hn9pm0swlxldcwi23w9vb55asmniq6-zlib-1.3.1-dev/lib -L/nix/store/v1b8769fcfih9b5ah54q2qbkqy9ia22r-openssl-3.0.14-dev/lib -L/nix/store/xmqa7p92x60wjd8zc7mra06jqkr0zkyg-gdbm-1.23/lib -L/nix/store/9am1xx4bm8xrmrl9wfwxa50l14sjcq41-libyaml-0.2.5-dev/lib -L/nix/store/z17njjix0mwdk1pkmj2zmvdksx7d4kp7-libobjc-11.0.0/lib -L/nix/store/eeeeeeeeeeeeeeeeeeeeeeeeeeeeeeee-clang-wrapper-16.0.6/resource-root/lib -L/nix/store/2x9abkmnann7irj2k4s8ix4qh9ap5v42-libSystem-11.0.0/lib     -lruby-3.1.6   "
ld: warning: directory not found for option '-L/nix/store/eeeeeeeeeeeeeeeeeeeeeeeeeeeeeeee-clang-wrapper-16.0.6/resource-root/lib'
checked program was:
/* begin */
1: #include "ruby.h"
2: 
3: int main(int argc, char **argv)
4: {
5:   return !!argv[argc];
6: }
/* end */

DYLD_FALLBACK_LIBRARY_PATH=.:/nix/store/hsdgsnzhdisa06gnra6q4q3dymcrkdw7-ruby-3.1.6/lib "clang -o conftest -I/nix/store/hsdgsnzhdisa06gnra6q4q3dymcrkdw7-ruby-3.1.6/include/ruby-3.1.0/arm64-darwin24 -I/nix/store/hsdgsnzhdisa06gnra6q4q3dymcrkdw7-ruby-3.1.6/include/ruby-3.1.0/ruby/backward -I/nix/store/hsdgsnzhdisa06gnra6q4q3dymcrkdw7-ruby-3.1.6/include/ruby-3.1.0 -I. -D_XOPEN_SOURCE -D_DARWIN_C_SOURCE -D_DARWIN_UNLIMITED_SELECT -D_REENTRANT   -fdeclspec -O3 -fno-fast-math -ggdb3 -Wall -Wextra -Wdeprecated-declarations -Wdivision-by-zero -Wimplicit-function-declaration -Wimplicit-int -Wmisleading-indentation -Wpointer-arith -Wshorten-64-to-32 -Wwrite-strings -Wold-style-definition -Wmissing-noreturn -Wno-cast-function-type -Wno-constant-logical-operand -Wno-long-long -Wno-missing-field-initializers -Wno-overlength-strings -Wno-parentheses-equality -Wno-self-assign -Wno-tautological-compare -Wno-unused-parameter -Wno-unused-value -Wunused-variable -Wextra-tokens -Wundef  -fno-common -pipe conftest.c  -L. -L/nix/store/hsdgsnzhdisa06gnra6q4q3dymcrkdw7-ruby-3.1.6/lib -L. -fstack-protector-strong -L/nix/store/8vaabmp60xqyc0qsmakp0jak87yv6xab-libffi-3.4.6-dev/lib -L/nix/store/kn4yni36n8fb9nch269n5fjbsj2nwr8a-ncurses-6.4-dev/lib -L/nix/store/qpcp03pklapa266n5dqx1s33sxqi3jq1-readline-8.2p10-dev/lib -L/nix/store/72hn9pm0swlxldcwi23w9vb55asmniq6-zlib-1.3.1-dev/lib -L/nix/store/v1b8769fcfih9b5ah54q2qbkqy9ia22r-openssl-3.0.14-dev/lib -L/nix/store/xmqa7p92x60wjd8zc7mra06jqkr0zkyg-gdbm-1.23/lib -L/nix/store/9am1xx4bm8xrmrl9wfwxa50l14sjcq41-libyaml-0.2.5-dev/lib -L/nix/store/z17njjix0mwdk1pkmj2zmvdksx7d4kp7-libobjc-11.0.0/lib -L/nix/store/eeeeeeeeeeeeeeeeeeeeeeeeeeeeeeee-clang-wrapper-16.0.6/resource-root/lib -L/nix/store/2x9abkmnann7irj2k4s8ix4qh9ap5v42-libSystem-11.0.0/lib     -lruby-3.1.6   "
ld: warning: directory not found for option '-L/nix/store/eeeeeeeeeeeeeeeeeeeeeeeeeeeeeeee-clang-wrapper-16.0.6/resource-root/lib'
checked program was:
/* begin */
 1: #include "ruby.h"
 2: 
 3: #include <ruby/encoding.h>
 4: 
 5: /*top*/
 6: extern int t(void);
 7: int main(int argc, char **argv)
 8: {
 9:   if (argc > 1000000) {
10:     int (* volatile tp)(void)=(int (*)(void))&t;
11:     printf("%d", (*tp)());
12:   }
13: 
14:   return !!argv[argc];
15: }
16: int t(void) { void ((*volatile p)()); p = (void ((*)()))rb_enc_interned_str; return !p; }
/* end */

--------------------

have_func: checking for rb_hash_new_capa() in ruby.h... -------------------- no

DYLD_FALLBACK_LIBRARY_PATH=.:/nix/store/hsdgsnzhdisa06gnra6q4q3dymcrkdw7-ruby-3.1.6/lib "clang -o conftest -I/nix/store/hsdgsnzhdisa06gnra6q4q3dymcrkdw7-ruby-3.1.6/include/ruby-3.1.0/arm64-darwin24 -I/nix/store/hsdgsnzhdisa06gnra6q4q3dymcrkdw7-ruby-3.1.6/include/ruby-3.1.0/ruby/backward -I/nix/store/hsdgsnzhdisa06gnra6q4q3dymcrkdw7-ruby-3.1.6/include/ruby-3.1.0 -I. -D_XOPEN_SOURCE -D_DARWIN_C_SOURCE -D_DARWIN_UNLIMITED_SELECT -D_REENTRANT   -fdeclspec -O3 -fno-fast-math -ggdb3 -Wall -Wextra -Wdeprecated-declarations -Wdivision-by-zero -Wimplicit-function-declaration -Wimplicit-int -Wmisleading-indentation -Wpointer-arith -Wshorten-64-to-32 -Wwrite-strings -Wold-style-definition -Wmissing-noreturn -Wno-cast-function-type -Wno-constant-logical-operand -Wno-long-long -Wno-missing-field-initializers -Wno-overlength-strings -Wno-parentheses-equality -Wno-self-assign -Wno-tautological-compare -Wno-unused-parameter -Wno-unused-value -Wunused-variable -Wextra-tokens -Wundef  -fno-common -pipe conftest.c  -L. -L/nix/store/hsdgsnzhdisa06gnra6q4q3dymcrkdw7-ruby-3.1.6/lib -L. -fstack-protector-strong -L/nix/store/8vaabmp60xqyc0qsmakp0jak87yv6xab-libffi-3.4.6-dev/lib -L/nix/store/kn4yni36n8fb9nch269n5fjbsj2nwr8a-ncurses-6.4-dev/lib -L/nix/store/qpcp03pklapa266n5dqx1s33sxqi3jq1-readline-8.2p10-dev/lib -L/nix/store/72hn9pm0swlxldcwi23w9vb55asmniq6-zlib-1.3.1-dev/lib -L/nix/store/v1b8769fcfih9b5ah54q2qbkqy9ia22r-openssl-3.0.14-dev/lib -L/nix/store/xmqa7p92x60wjd8zc7mra06jqkr0zkyg-gdbm-1.23/lib -L/nix/store/9am1xx4bm8xrmrl9wfwxa50l14sjcq41-libyaml-0.2.5-dev/lib -L/nix/store/z17njjix0mwdk1pkmj2zmvdksx7d4kp7-libobjc-11.0.0/lib -L/nix/store/eeeeeeeeeeeeeeeeeeeeeeeeeeeeeeee-clang-wrapper-16.0.6/resource-root/lib -L/nix/store/2x9abkmnann7irj2k4s8ix4qh9ap5v42-libSystem-11.0.0/lib     -lruby-3.1.6   "
conftest.c:16:57: error: use of undeclared identifier 'rb_hash_new_capa'
int t(void) { void ((*volatile p)()); p = (void ((*)()))rb_hash_new_capa; return !p; }
                                                        ^
1 error generated.
checked program was:
/* begin */
 1: #include "ruby.h"
 2: 
 3: #include <ruby.h>
 4: 
 5: /*top*/
 6: extern int t(void);
 7: int main(int argc, char **argv)
 8: {
 9:   if (argc > 1000000) {
10:     int (* volatile tp)(void)=(int (*)(void))&t;
11:     printf("%d", (*tp)());
12:   }
13: 
14:   return !!argv[argc];
15: }
16: int t(void) { void ((*volatile p)()); p = (void ((*)()))rb_hash_new_capa; return !p; }
/* end */

DYLD_FALLBACK_LIBRARY_PATH=.:/nix/store/hsdgsnzhdisa06gnra6q4q3dymcrkdw7-ruby-3.1.6/lib "clang -o conftest -I/nix/store/hsdgsnzhdisa06gnra6q4q3dymcrkdw7-ruby-3.1.6/include/ruby-3.1.0/arm64-darwin24 -I/nix/store/hsdgsnzhdisa06gnra6q4q3dymcrkdw7-ruby-3.1.6/include/ruby-3.1.0/ruby/backward -I/nix/store/hsdgsnzhdisa06gnra6q4q3dymcrkdw7-ruby-3.1.6/include/ruby-3.1.0 -I. -D_XOPEN_SOURCE -D_DARWIN_C_SOURCE -D_DARWIN_UNLIMITED_SELECT -D_REENTRANT   -fdeclspec -O3 -fno-fast-math -ggdb3 -Wall -Wextra -Wdeprecated-declarations -Wdivision-by-zero -Wimplicit-function-declaration -Wimplicit-int -Wmisleading-indentation -Wpointer-arith -Wshorten-64-to-32 -Wwrite-strings -Wold-style-definition -Wmissing-noreturn -Wno-cast-function-type -Wno-constant-logical-operand -Wno-long-long -Wno-missing-field-initializers -Wno-overlength-strings -Wno-parentheses-equality -Wno-self-assign -Wno-tautological-compare -Wno-unused-parameter -Wno-unused-value -Wunused-variable -Wextra-tokens -Wundef  -fno-common -pipe conftest.c  -L. -L/nix/store/hsdgsnzhdisa06gnra6q4q3dymcrkdw7-ruby-3.1.6/lib -L. -fstack-protector-strong -L/nix/store/8vaabmp60xqyc0qsmakp0jak87yv6xab-libffi-3.4.6-dev/lib -L/nix/store/kn4yni36n8fb9nch269n5fjbsj2nwr8a-ncurses-6.4-dev/lib -L/nix/store/qpcp03pklapa266n5dqx1s33sxqi3jq1-readline-8.2p10-dev/lib -L/nix/store/72hn9pm0swlxldcwi23w9vb55asmniq6-zlib-1.3.1-dev/lib -L/nix/store/v1b8769fcfih9b5ah54q2qbkqy9ia22r-openssl-3.0.14-dev/lib -L/nix/store/xmqa7p92x60wjd8zc7mra06jqkr0zkyg-gdbm-1.23/lib -L/nix/store/9am1xx4bm8xrmrl9wfwxa50l14sjcq41-libyaml-0.2.5-dev/lib -L/nix/store/z17njjix0mwdk1pkmj2zmvdksx7d4kp7-libobjc-11.0.0/lib -L/nix/store/eeeeeeeeeeeeeeeeeeeeeeeeeeeeeeee-clang-wrapper-16.0.6/resource-root/lib -L/nix/store/2x9abkmnann7irj2k4s8ix4qh9ap5v42-libSystem-11.0.0/lib     -lruby-3.1.6   "
ld: warning: directory not found for option '-L/nix/store/eeeeeeeeeeeeeeeeeeeeeeeeeeeeeeee-clang-wrapper-16.0.6/resource-root/lib'
Undefined symbols for architecture arm64:
  "_rb_hash_new_capa", referenced from:
      _t in conftest-90b095.o
ld: symbol(s) not found for architecture arm64
clang-16: error: linker command failed with exit code 1 (use -v to see invocation)
checked program was:
/* begin */
 1: #include "ruby.h"
 2: 
 3: #include <ruby.h>
 4: 
 5: /*top*/
 6: extern int t(void);
 7: int main(int argc, char **argv)
 8: {
 9:   if (argc > 1000000) {
10:     int (* volatile tp)(void)=(int (*)(void))&t;
11:     printf("%d", (*tp)());
12:   }
13: 
14:   return !!argv[argc];
15: }
16: extern void rb_hash_new_capa();
17: int t(void) { rb_hash_new_capa(); return 0; }
/* end */

--------------------

have_func: checking for rb_hash_bulk_insert() in ruby.h... -------------------- yes

DYLD_FALLBACK_LIBRARY_PATH=.:/nix/store/hsdgsnzhdisa06gnra6q4q3dymcrkdw7-ruby-3.1.6/lib "clang -o conftest -I/nix/store/hsdgsnzhdisa06gnra6q4q3dymcrkdw7-ruby-3.1.6/include/ruby-3.1.0/arm64-darwin24 -I/nix/store/hsdgsnzhdisa06gnra6q4q3dymcrkdw7-ruby-3.1.6/include/ruby-3.1.0/ruby/backward -I/nix/store/hsdgsnzhdisa06gnra6q4q3dymcrkdw7-ruby-3.1.6/include/ruby-3.1.0 -I. -D_XOPEN_SOURCE -D_DARWIN_C_SOURCE -D_DARWIN_UNLIMITED_SELECT -D_REENTRANT   -fdeclspec -O3 -fno-fast-math -ggdb3 -Wall -Wextra -Wdeprecated-declarations -Wdivision-by-zero -Wimplicit-function-declaration -Wimplicit-int -Wmisleading-indentation -Wpointer-arith -Wshorten-64-to-32 -Wwrite-strings -Wold-style-definition -Wmissing-noreturn -Wno-cast-function-type -Wno-constant-logical-operand -Wno-long-long -Wno-missing-field-initializers -Wno-overlength-strings -Wno-parentheses-equality -Wno-self-assign -Wno-tautological-compare -Wno-unused-parameter -Wno-unused-value -Wunused-variable -Wextra-tokens -Wundef  -fno-common -pipe conftest.c  -L. -L/nix/store/hsdgsnzhdisa06gnra6q4q3dymcrkdw7-ruby-3.1.6/lib -L. -fstack-protector-strong -L/nix/store/8vaabmp60xqyc0qsmakp0jak87yv6xab-libffi-3.4.6-dev/lib -L/nix/store/kn4yni36n8fb9nch269n5fjbsj2nwr8a-ncurses-6.4-dev/lib -L/nix/store/qpcp03pklapa266n5dqx1s33sxqi3jq1-readline-8.2p10-dev/lib -L/nix/store/72hn9pm0swlxldcwi23w9vb55asmniq6-zlib-1.3.1-dev/lib -L/nix/store/v1b8769fcfih9b5ah54q2qbkqy9ia22r-openssl-3.0.14-dev/lib -L/nix/store/xmqa7p92x60wjd8zc7mra06jqkr0zkyg-gdbm-1.23/lib -L/nix/store/9am1xx4bm8xrmrl9wfwxa50l14sjcq41-libyaml-0.2.5-dev/lib -L/nix/store/z17njjix0mwdk1pkmj2zmvdksx7d4kp7-libobjc-11.0.0/lib -L/nix/store/eeeeeeeeeeeeeeeeeeeeeeeeeeeeeeee-clang-wrapper-16.0.6/resource-root/lib -L/nix/store/2x9abkmnann7irj2k4s8ix4qh9ap5v42-libSystem-11.0.0/lib     -lruby-3.1.6   "
ld: warning: directory not found for option '-L/nix/store/eeeeeeeeeeeeeeeeeeeeeeeeeeeeeeee-clang-wrapper-16.0.6/resource-root/lib'
checked program was:
/* begin */
 1: #include "ruby.h"
 2: 
 3: #include <ruby.h>
 4: 
 5: /*top*/
 6: extern int t(void);
 7: int main(int argc, char **argv)
 8: {
 9:   if (argc > 1000000) {
10:     int (* volatile tp)(void)=(int (*)(void))&t;
11:     printf("%d", (*tp)());
12:   }
13: 
14:   return !!argv[argc];
15: }
16: int t(void) { void ((*volatile p)()); p = (void ((*)()))rb_hash_bulk_insert; return !p; }
/* end */

--------------------

have_func: checking for strnlen() in string.h... -------------------- yes

DYLD_FALLBACK_LIBRARY_PATH=.:/nix/store/hsdgsnzhdisa06gnra6q4q3dymcrkdw7-ruby-3.1.6/lib "clang -o conftest -I/nix/store/hsdgsnzhdisa06gnra6q4q3dymcrkdw7-ruby-3.1.6/include/ruby-3.1.0/arm64-darwin24 -I/nix/store/hsdgsnzhdisa06gnra6q4q3dymcrkdw7-ruby-3.1.6/include/ruby-3.1.0/ruby/backward -I/nix/store/hsdgsnzhdisa06gnra6q4q3dymcrkdw7-ruby-3.1.6/include/ruby-3.1.0 -I. -D_XOPEN_SOURCE -D_DARWIN_C_SOURCE -D_DARWIN_UNLIMITED_SELECT -D_REENTRANT   -fdeclspec -O3 -fno-fast-math -ggdb3 -Wall -Wextra -Wdeprecated-declarations -Wdivision-by-zero -Wimplicit-function-declaration -Wimplicit-int -Wmisleading-indentation -Wpointer-arith -Wshorten-64-to-32 -Wwrite-strings -Wold-style-definition -Wmissing-noreturn -Wno-cast-function-type -Wno-constant-logical-operand -Wno-long-long -Wno-missing-field-initializers -Wno-overlength-strings -Wno-parentheses-equality -Wno-self-assign -Wno-tautological-compare -Wno-unused-parameter -Wno-unused-value -Wunused-variable -Wextra-tokens -Wundef  -fno-common -pipe conftest.c  -L. -L/nix/store/hsdgsnzhdisa06gnra6q4q3dymcrkdw7-ruby-3.1.6/lib -L. -fstack-protector-strong -L/nix/store/8vaabmp60xqyc0qsmakp0jak87yv6xab-libffi-3.4.6-dev/lib -L/nix/store/kn4yni36n8fb9nch269n5fjbsj2nwr8a-ncurses-6.4-dev/lib -L/nix/store/qpcp03pklapa266n5dqx1s33sxqi3jq1-readline-8.2p10-dev/lib -L/nix/store/72hn9pm0swlxldcwi23w9vb55asmniq6-zlib-1.3.1-dev/lib -L/nix/store/v1b8769fcfih9b5ah54q2qbkqy9ia22r-openssl-3.0.14-dev/lib -L/nix/store/xmqa7p92x60wjd8zc7mra06jqkr0zkyg-gdbm-1.23/lib -L/nix/store/9am1xx4bm8xrmrl9wfwxa50l14sjcq41-libyaml-0.2.5-dev/lib -L/nix/store/z17njjix0mwdk1pkmj2zmvdksx7d4kp7-libobjc-11.0.0/lib -L/nix/store/eeeeeeeeeeeeeeeeeeeeeeeeeeeeeeee-clang-wrapper-16.0.6/resource-root/lib -L/nix/store/2x9abkmnann7irj2k4s8ix4qh9ap5v42-libSystem-11.0.0/lib     -lruby-3.1.6   "
ld: warning: directory not found for option '-L/nix/store/eeeeeeeeeeeeeeeeeeeeeeeeeeeeeeee-clang-wrapper-16.0.6/resource-root/lib'
checked program was:
/* begin */
 1: #include "ruby.h"
 2: 
 3: #include <string.h>
 4: 
 5: /*top*/
 6: extern int t(void);
 7: int main(int argc, char **argv)
 8: {
 9:   if (argc > 1000000) {
10:     int (* volatile tp)(void)=(int (*)(void))&t;
11:     printf("%d", (*tp)());
12:   }
13: 
14:   return !!argv[argc];
15: }
16: int t(void) { void ((*volatile p)()); p = (void ((*)()))strnlen; return !p; }
/* end */

--------------------

block in append_cflags: checking for whether -std=c99 is accepted as CFLAGS... -------------------- yes

DYLD_FALLBACK_LIBRARY_PATH=.:/nix/store/hsdgsnzhdisa06gnra6q4q3dymcrkdw7-ruby-3.1.6/lib "clang -I/nix/store/hsdgsnzhdisa06gnra6q4q3dymcrkdw7-ruby-3.1.6/include/ruby-3.1.0/arm64-darwin24 -I/nix/store/hsdgsnzhdisa06gnra6q4q3dymcrkdw7-ruby-3.1.6/include/ruby-3.1.0/ruby/backward -I/nix/store/hsdgsnzhdisa06gnra6q4q3dymcrkdw7-ruby-3.1.6/include/ruby-3.1.0 -I. -D_XOPEN_SOURCE -D_DARWIN_C_SOURCE -D_DARWIN_UNLIMITED_SELECT -D_REENTRANT   -fdeclspec -O3 -fno-fast-math -ggdb3 -Wall -Wextra -Wdeprecated-declarations -Wdivision-by-zero -Wimplicit-function-declaration -Wimplicit-int -Wmisleading-indentation -Wpointer-arith -Wshorten-64-to-32 -Wwrite-strings -Wold-style-definition -Wmissing-noreturn -Wno-cast-function-type -Wno-constant-logical-operand -Wno-long-long -Wno-missing-field-initializers -Wno-overlength-strings -Wno-parentheses-equality -Wno-self-assign -Wno-tautological-compare -Wno-unused-parameter -Wno-unused-value -Wunused-variable -Wextra-tokens -Wundef  -fno-common -pipe  -std=c99 -Werror -c conftest.c"
checked program was:
/* begin */
1: #include "ruby.h"
2: 
3: int main(int argc, char **argv)
4: {
5:   return !!argv[argc];
6: }
/* end */

--------------------

have_header: checking for arm_neon.h... -------------------- yes

DYLD_FALLBACK_LIBRARY_PATH=.:/nix/store/hsdgsnzhdisa06gnra6q4q3dymcrkdw7-ruby-3.1.6/lib "clang -I/nix/store/hsdgsnzhdisa06gnra6q4q3dymcrkdw7-ruby-3.1.6/include/ruby-3.1.0/arm64-darwin24 -I/nix/store/hsdgsnzhdisa06gnra6q4q3dymcrkdw7-ruby-3.1.6/include/ruby-3.1.0/ruby/backward -I/nix/store/hsdgsnzhdisa06gnra6q4q3dymcrkdw7-ruby-3.1.6/include/ruby-3.1.0 -I. -D_XOPEN_SOURCE -D_DARWIN_C_SOURCE -D_DARWIN_UNLIMITED_SELECT -D_REENTRANT   -fdeclspec -O3 -fno-fast-math -ggdb3 -Wall -Wextra -Wdeprecated-declarations -Wdivision-by-zero -Wimplicit-function-declaration -Wimplicit-int -Wmisleading-indentation -Wpointer-arith -Wshorten-64-to-32 -Wwrite-strings -Wold-style-definition -Wmissing-noreturn -Wno-cast-function-type -Wno-constant-logical-operand -Wno-long-long -Wno-missing-field-initializers -Wno-overlength-strings -Wno-parentheses-equality -Wno-self-assign -Wno-tautological-compare -Wno-unused-parameter -Wno-unused-value -Wunused-variable -Wextra-tokens -Wundef  -fno-common -pipe -std=c99   -c conftest.c"
checked program was:
/* begin */
1: #include "ruby.h"
2: 
3: #include <arm_neon.h>
/* end */

--------------------

DYLD_FALLBACK_LIBRARY_PATH=.:/nix/store/hsdgsnzhdisa06gnra6q4q3dymcrkdw7-ruby-3.1.6/lib "clang -I/nix/store/hsdgsnzhdisa06gnra6q4q3dymcrkdw7-ruby-3.1.6/include/ruby-3.1.0/arm64-darwin24 -I/nix/store/hsdgsnzhdisa06gnra6q4q3dymcrkdw7-ruby-3.1.6/include/ruby-3.1.0/ruby/backward -I/nix/store/hsdgsnzhdisa06gnra6q4q3dymcrkdw7-ruby-3.1.6/include/ruby-3.1.0 -I. -D_XOPEN_SOURCE -D_DARWIN_C_SOURCE -D_DARWIN_UNLIMITED_SELECT -D_REENTRANT   -fdeclspec -O3 -fno-fast-math -ggdb3 -Wall -Wextra -Wdeprecated-declarations -Wdivision-by-zero -Wimplicit-function-declaration -Wimplicit-int -Wmisleading-indentation -Wpointer-arith -Wshorten-64-to-32 -Wwrite-strings -Wold-style-definition -Wmissing-noreturn -Wno-cast-function-type -Wno-constant-logical-operand -Wno-long-long -Wno-missing-field-initializers -Wno-overlength-strings -Wno-parentheses-equality -Wno-self-assign -Wno-tautological-compare -Wno-unused-parameter -Wno-unused-value -Wunused-variable -Wextra-tokens -Wundef  -fno-common -pipe -std=c99   -c conftest.c"
checked program was:
/* begin */
1: #include "ruby.h"
2: 
3: #include <arm_neon.h>
4: 
5: int main(int argc, char **argv) {
6:   uint8x16_t test = vdupq_n_u8(32);
7:   if (argc > 100000) printf("%p", &test);
8:   return 0;
9: }
/* end */

have_header: checking for cpuid.h... -------------------- no

DYLD_FALLBACK_LIBRARY_PATH=.:/nix/store/hsdgsnzhdisa06gnra6q4q3dymcrkdw7-ruby-3.1.6/lib "clang -I/nix/store/hsdgsnzhdisa06gnra6q4q3dymcrkdw7-ruby-3.1.6/include/ruby-3.1.0/arm64-darwin24 -I/nix/store/hsdgsnzhdisa06gnra6q4q3dymcrkdw7-ruby-3.1.6/include/ruby-3.1.0/ruby/backward -I/nix/store/hsdgsnzhdisa06gnra6q4q3dymcrkdw7-ruby-3.1.6/include/ruby-3.1.0 -I. -D_XOPEN_SOURCE -D_DARWIN_C_SOURCE -D_DARWIN_UNLIMITED_SELECT -D_REENTRANT   -fdeclspec -O3 -fno-fast-math -ggdb3 -Wall -Wextra -Wdeprecated-declarations -Wdivision-by-zero -Wimplicit-function-declaration -Wimplicit-int -Wmisleading-indentation -Wpointer-arith -Wshorten-64-to-32 -Wwrite-strings -Wold-style-definition -Wmissing-noreturn -Wno-cast-function-type -Wno-constant-logical-operand -Wno-long-long -Wno-missing-field-initializers -Wno-overlength-strings -Wno-parentheses-equality -Wno-self-assign -Wno-tautological-compare -Wno-unused-parameter -Wno-unused-value -Wunused-variable -Wextra-tokens -Wundef  -fno-common -pipe -std=c99   -c conftest.c"
In file included from conftest.c:3:
/nix/store/ykbj4vy7p4gzhfm59say7q4pmddv8ja7-clang-wrapper-16.0.6/resource-root/include/cpuid.h:14:2: error: this header is for x86 only
#error this header is for x86 only
 ^
/nix/store/ykbj4vy7p4gzhfm59say7q4pmddv8ja7-clang-wrapper-16.0.6/resource-root/include/cpuid.h:298:5: error: invalid output constraint '=a' in asm
    __cpuid(__leaf, __eax, __ebx, __ecx, __edx);
    ^
/nix/store/ykbj4vy7p4gzhfm59say7q4pmddv8ja7-clang-wrapper-16.0.6/resource-root/include/cpuid.h:262:11: note: expanded from macro '__cpuid'
        : "=a"(__eax), "=r" (__ebx), "=c"(__ecx), "=d"(__edx) \
          ^
/nix/store/ykbj4vy7p4gzhfm59say7q4pmddv8ja7-clang-wrapper-16.0.6/resource-root/include/cpuid.h:313:5: error: invalid output constraint '=a' in asm
    __cpuid(__leaf, *__eax, *__ebx, *__ecx, *__edx);
    ^
/nix/store/ykbj4vy7p4gzhfm59say7q4pmddv8ja7-clang-wrapper-16.0.6/resource-root/include/cpuid.h:262:11: note: expanded from macro '__cpuid'
        : "=a"(__eax), "=r" (__ebx), "=c"(__ecx), "=d"(__edx) \
          ^
/nix/store/ykbj4vy7p4gzhfm59say7q4pmddv8ja7-clang-wrapper-16.0.6/resource-root/include/cpuid.h:327:5: error: invalid output constraint '=a' in asm
    __cpuid_count(__leaf, __subleaf, *__eax, *__ebx, *__ecx, *__edx);
    ^
/nix/store/ykbj4vy7p4gzhfm59say7q4pmddv8ja7-clang-wrapper-16.0.6/resource-root/include/cpuid.h:269:11: note: expanded from macro '__cpuid_count'
        : "=a"(__eax), "=r" (__ebx), "=c"(__ecx), "=d"(__edx) \
          ^
4 errors generated.
checked program was:
/* begin */
1: #include "ruby.h"
2: 
3: #include <cpuid.h>
/* end */

--------------------

