have_func: checking for rb_syserr_fail_str(0, Qnil)... -------------------- yes

DYLD_FALLBACK_LIBRARY_PATH=.:/nix/store/hsdgsnzhdisa06gnra6q4q3dymcrkdw7-ruby-3.1.6/lib "clang -o conftest -I/nix/store/hsdgsnzhdisa06gnra6q4q3dymcrkdw7-ruby-3.1.6/include/ruby-3.1.0/arm64-darwin24 -I/nix/store/hsdgsnzhdisa06gnra6q4q3dymcrkdw7-ruby-3.1.6/include/ruby-3.1.0/ruby/backward -I/nix/store/hsdgsnzhdisa06gnra6q4q3dymcrkdw7-ruby-3.1.6/include/ruby-3.1.0 -I. -D_XOPEN_SOURCE -D_DARWIN_C_SOURCE -D_DARWIN_UNLIMITED_SELECT -D_REENTRANT   -fdeclspec -O3 -fno-fast-math -ggdb3 -Wall -Wextra -Wdeprecated-declarations -Wdivision-by-zero -Wimplicit-function-declaration -Wimplicit-int -Wmisleading-indentation -Wpointer-arith -Wshorten-64-to-32 -Wwrite-strings -Wold-style-definition -Wmissing-noreturn -Wno-cast-function-type -Wno-constant-logical-operand -Wno-long-long -Wno-missing-field-initializers -Wno-overlength-strings -Wno-parentheses-equality -Wno-self-assign -Wno-tautological-compare -Wno-unused-parameter -Wno-unused-value -Wunused-variable -Wextra-tokens -Wundef  -fno-common -pipe conftest.c  -L. -L/nix/store/hsdgsnzhdisa06gnra6q4q3dymcrkdw7-ruby-3.1.6/lib -L. -fstack-protector-strong -L/nix/store/8vaabmp60xqyc0qsmakp0jak87yv6xab-libffi-3.4.6-dev/lib -L/nix/store/kn4yni36n8fb9nch269n5fjbsj2nwr8a-ncurses-6.4-dev/lib -L/nix/store/qpcp03pklapa266n5dqx1s33sxqi3jq1-readline-8.2p10-dev/lib -L/nix/store/72hn9pm0swlxldcwi23w9vb55asmniq6-zlib-1.3.1-dev/lib -L/nix/store/v1b8769fcfih9b5ah54q2qbkqy9ia22r-openssl-3.0.14-dev/lib -L/nix/store/xmqa7p92x60wjd8zc7mra06jqkr0zkyg-gdbm-1.23/lib -L/nix/store/9am1xx4bm8xrmrl9wfwxa50l14sjcq41-libyaml-0.2.5-dev/lib -L/nix/store/z17njjix0mwdk1pkmj2zmvdksx7d4kp7-libobjc-11.0.0/lib -L/nix/store/eeeeeeeeeeeeeeeeeeeeeeeeeeeeeeee-clang-wrapper-16.0.6/resource-root/lib -L/nix/store/2x9abkmnann7irj2k4s8ix4qh9ap5v42-libSystem-11.0.0/lib     -lruby-3.1.6   "
ld: warning: directory not found for option '-L/nix/store/eeeeeeeeeeeeeeeeeeeeeeeeeeeeeeee-clang-wrapper-16.0.6/resource-root/lib'
checked program was:
/* begin */
1: #include "ruby.h"
2: 
3: int main(int argc, char **argv)
4: {
5:   return !!argv[argc];
6: }
/* end */

DYLD_FALLBACK_LIBRARY_PATH=.:/nix/store/hsdgsnzhdisa06gnra6q4q3dymcrkdw7-ruby-3.1.6/lib "clang -o conftest -I/nix/store/hsdgsnzhdisa06gnra6q4q3dymcrkdw7-ruby-3.1.6/include/ruby-3.1.0/arm64-darwin24 -I/nix/store/hsdgsnzhdisa06gnra6q4q3dymcrkdw7-ruby-3.1.6/include/ruby-3.1.0/ruby/backward -I/nix/store/hsdgsnzhdisa06gnra6q4q3dymcrkdw7-ruby-3.1.6/include/ruby-3.1.0 -I. -D_XOPEN_SOURCE -D_DARWIN_C_SOURCE -D_DARWIN_UNLIMITED_SELECT -D_REENTRANT   -fdeclspec -O3 -fno-fast-math -ggdb3 -Wall -Wextra -Wdeprecated-declarations -Wdivision-by-zero -Wimplicit-function-declaration -Wimplicit-int -Wmisleading-indentation -Wpointer-arith -Wshorten-64-to-32 -Wwrite-strings -Wold-style-definition -Wmissing-noreturn -Wno-cast-function-type -Wno-constant-logical-operand -Wno-long-long -Wno-missing-field-initializers -Wno-overlength-strings -Wno-parentheses-equality -Wno-self-assign -Wno-tautological-compare -Wno-unused-parameter -Wno-unused-value -Wunused-variable -Wextra-tokens -Wundef  -fno-common -pipe conftest.c  -L. -L/nix/store/hsdgsnzhdisa06gnra6q4q3dymcrkdw7-ruby-3.1.6/lib -L. -fstack-protector-strong -L/nix/store/8vaabmp60xqyc0qsmakp0jak87yv6xab-libffi-3.4.6-dev/lib -L/nix/store/kn4yni36n8fb9nch269n5fjbsj2nwr8a-ncurses-6.4-dev/lib -L/nix/store/qpcp03pklapa266n5dqx1s33sxqi3jq1-readline-8.2p10-dev/lib -L/nix/store/72hn9pm0swlxldcwi23w9vb55asmniq6-zlib-1.3.1-dev/lib -L/nix/store/v1b8769fcfih9b5ah54q2qbkqy9ia22r-openssl-3.0.14-dev/lib -L/nix/store/xmqa7p92x60wjd8zc7mra06jqkr0zkyg-gdbm-1.23/lib -L/nix/store/9am1xx4bm8xrmrl9wfwxa50l14sjcq41-libyaml-0.2.5-dev/lib -L/nix/store/z17njjix0mwdk1pkmj2zmvdksx7d4kp7-libobjc-11.0.0/lib -L/nix/store/eeeeeeeeeeeeeeeeeeeeeeeeeeeeeeee-clang-wrapper-16.0.6/resource-root/lib -L/nix/store/2x9abkmnann7irj2k4s8ix4qh9ap5v42-libSystem-11.0.0/lib     -lruby-3.1.6   "
ld: warning: directory not found for option '-L/nix/store/eeeeeeeeeeeeeeeeeeeeeeeeeeeeeeee-clang-wrapper-16.0.6/resource-root/lib'
checked program was:
/* begin */
 1: #include "ruby.h"
 2: 
 3: /*top*/
 4: extern int t(void);
 5: int main(int argc, char **argv)
 6: {
 7:   if (argc > 1000000) {
 8:     int (* volatile tp)(void)=(int (*)(void))&t;
 9:     printf("%d", (*tp)());
10:   }
11: 
12:   return !!argv[argc];
13: }
14: 
15: int t(void) { rb_syserr_fail_str(0, Qnil); return 0; }
/* end */

--------------------

have_func: checking for rb_interned_str_cstr()... -------------------- yes

DYLD_FALLBACK_LIBRARY_PATH=.:/nix/store/hsdgsnzhdisa06gnra6q4q3dymcrkdw7-ruby-3.1.6/lib "clang -o conftest -I/nix/store/hsdgsnzhdisa06gnra6q4q3dymcrkdw7-ruby-3.1.6/include/ruby-3.1.0/arm64-darwin24 -I/nix/store/hsdgsnzhdisa06gnra6q4q3dymcrkdw7-ruby-3.1.6/include/ruby-3.1.0/ruby/backward -I/nix/store/hsdgsnzhdisa06gnra6q4q3dymcrkdw7-ruby-3.1.6/include/ruby-3.1.0 -I. -D_XOPEN_SOURCE -D_DARWIN_C_SOURCE -D_DARWIN_UNLIMITED_SELECT -D_REENTRANT   -fdeclspec -O3 -fno-fast-math -ggdb3 -Wall -Wextra -Wdeprecated-declarations -Wdivision-by-zero -Wimplicit-function-declaration -Wimplicit-int -Wmisleading-indentation -Wpointer-arith -Wshorten-64-to-32 -Wwrite-strings -Wold-style-definition -Wmissing-noreturn -Wno-cast-function-type -Wno-constant-logical-operand -Wno-long-long -Wno-missing-field-initializers -Wno-overlength-strings -Wno-parentheses-equality -Wno-self-assign -Wno-tautological-compare -Wno-unused-parameter -Wno-unused-value -Wunused-variable -Wextra-tokens -Wundef  -fno-common -pipe conftest.c  -L. -L/nix/store/hsdgsnzhdisa06gnra6q4q3dymcrkdw7-ruby-3.1.6/lib -L. -fstack-protector-strong -L/nix/store/8vaabmp60xqyc0qsmakp0jak87yv6xab-libffi-3.4.6-dev/lib -L/nix/store/kn4yni36n8fb9nch269n5fjbsj2nwr8a-ncurses-6.4-dev/lib -L/nix/store/qpcp03pklapa266n5dqx1s33sxqi3jq1-readline-8.2p10-dev/lib -L/nix/store/72hn9pm0swlxldcwi23w9vb55asmniq6-zlib-1.3.1-dev/lib -L/nix/store/v1b8769fcfih9b5ah54q2qbkqy9ia22r-openssl-3.0.14-dev/lib -L/nix/store/xmqa7p92x60wjd8zc7mra06jqkr0zkyg-gdbm-1.23/lib -L/nix/store/9am1xx4bm8xrmrl9wfwxa50l14sjcq41-libyaml-0.2.5-dev/lib -L/nix/store/z17njjix0mwdk1pkmj2zmvdksx7d4kp7-libobjc-11.0.0/lib -L/nix/store/eeeeeeeeeeeeeeeeeeeeeeeeeeeeeeee-clang-wrapper-16.0.6/resource-root/lib -L/nix/store/2x9abkmnann7irj2k4s8ix4qh9ap5v42-libSystem-11.0.0/lib     -lruby-3.1.6   "
ld: warning: directory not found for option '-L/nix/store/eeeeeeeeeeeeeeeeeeeeeeeeeeeeeeee-clang-wrapper-16.0.6/resource-root/lib'
checked program was:
/* begin */
 1: #include "ruby.h"
 2: 
 3: /*top*/
 4: extern int t(void);
 5: int main(int argc, char **argv)
 6: {
 7:   if (argc > 1000000) {
 8:     int (* volatile tp)(void)=(int (*)(void))&t;
 9:     printf("%d", (*tp)());
10:   }
11: 
12:   return !!argv[argc];
13: }
14: int t(void) { void ((*volatile p)()); p = (void ((*)()))rb_interned_str_cstr; return !p; }
/* end */

--------------------

have_func: checking for rb_io_path() in ruby/io.h... -------------------- no

DYLD_FALLBACK_LIBRARY_PATH=.:/nix/store/hsdgsnzhdisa06gnra6q4q3dymcrkdw7-ruby-3.1.6/lib "clang -o conftest -I/nix/store/hsdgsnzhdisa06gnra6q4q3dymcrkdw7-ruby-3.1.6/include/ruby-3.1.0/arm64-darwin24 -I/nix/store/hsdgsnzhdisa06gnra6q4q3dymcrkdw7-ruby-3.1.6/include/ruby-3.1.0/ruby/backward -I/nix/store/hsdgsnzhdisa06gnra6q4q3dymcrkdw7-ruby-3.1.6/include/ruby-3.1.0 -I. -D_XOPEN_SOURCE -D_DARWIN_C_SOURCE -D_DARWIN_UNLIMITED_SELECT -D_REENTRANT   -fdeclspec -O3 -fno-fast-math -ggdb3 -Wall -Wextra -Wdeprecated-declarations -Wdivision-by-zero -Wimplicit-function-declaration -Wimplicit-int -Wmisleading-indentation -Wpointer-arith -Wshorten-64-to-32 -Wwrite-strings -Wold-style-definition -Wmissing-noreturn -Wno-cast-function-type -Wno-constant-logical-operand -Wno-long-long -Wno-missing-field-initializers -Wno-overlength-strings -Wno-parentheses-equality -Wno-self-assign -Wno-tautological-compare -Wno-unused-parameter -Wno-unused-value -Wunused-variable -Wextra-tokens -Wundef  -fno-common -pipe conftest.c  -L. -L/nix/store/hsdgsnzhdisa06gnra6q4q3dymcrkdw7-ruby-3.1.6/lib -L. -fstack-protector-strong -L/nix/store/8vaabmp60xqyc0qsmakp0jak87yv6xab-libffi-3.4.6-dev/lib -L/nix/store/kn4yni36n8fb9nch269n5fjbsj2nwr8a-ncurses-6.4-dev/lib -L/nix/store/qpcp03pklapa266n5dqx1s33sxqi3jq1-readline-8.2p10-dev/lib -L/nix/store/72hn9pm0swlxldcwi23w9vb55asmniq6-zlib-1.3.1-dev/lib -L/nix/store/v1b8769fcfih9b5ah54q2qbkqy9ia22r-openssl-3.0.14-dev/lib -L/nix/store/xmqa7p92x60wjd8zc7mra06jqkr0zkyg-gdbm-1.23/lib -L/nix/store/9am1xx4bm8xrmrl9wfwxa50l14sjcq41-libyaml-0.2.5-dev/lib -L/nix/store/z17njjix0mwdk1pkmj2zmvdksx7d4kp7-libobjc-11.0.0/lib -L/nix/store/eeeeeeeeeeeeeeeeeeeeeeeeeeeeeeee-clang-wrapper-16.0.6/resource-root/lib -L/nix/store/2x9abkmnann7irj2k4s8ix4qh9ap5v42-libSystem-11.0.0/lib     -lruby-3.1.6   "
conftest.c:16:57: error: use of undeclared identifier 'rb_io_path'
int t(void) { void ((*volatile p)()); p = (void ((*)()))rb_io_path; return !p; }
                                                        ^
1 error generated.
checked program was:
/* begin */
 1: #include "ruby.h"
 2: 
 3: #include <ruby/io.h>
 4: 
 5: /*top*/
 6: extern int t(void);
 7: int main(int argc, char **argv)
 8: {
 9:   if (argc > 1000000) {
10:     int (* volatile tp)(void)=(int (*)(void))&t;
11:     printf("%d", (*tp)());
12:   }
13: 
14:   return !!argv[argc];
15: }
16: int t(void) { void ((*volatile p)()); p = (void ((*)()))rb_io_path; return !p; }
/* end */

DYLD_FALLBACK_LIBRARY_PATH=.:/nix/store/hsdgsnzhdisa06gnra6q4q3dymcrkdw7-ruby-3.1.6/lib "clang -o conftest -I/nix/store/hsdgsnzhdisa06gnra6q4q3dymcrkdw7-ruby-3.1.6/include/ruby-3.1.0/arm64-darwin24 -I/nix/store/hsdgsnzhdisa06gnra6q4q3dymcrkdw7-ruby-3.1.6/include/ruby-3.1.0/ruby/backward -I/nix/store/hsdgsnzhdisa06gnra6q4q3dymcrkdw7-ruby-3.1.6/include/ruby-3.1.0 -I. -D_XOPEN_SOURCE -D_DARWIN_C_SOURCE -D_DARWIN_UNLIMITED_SELECT -D_REENTRANT   -fdeclspec -O3 -fno-fast-math -ggdb3 -Wall -Wextra -Wdeprecated-declarations -Wdivision-by-zero -Wimplicit-function-declaration -Wimplicit-int -Wmisleading-indentation -Wpointer-arith -Wshorten-64-to-32 -Wwrite-strings -Wold-style-definition -Wmissing-noreturn -Wno-cast-function-type -Wno-constant-logical-operand -Wno-long-long -Wno-missing-field-initializers -Wno-overlength-strings -Wno-parentheses-equality -Wno-self-assign -Wno-tautological-compare -Wno-unused-parameter -Wno-unused-value -Wunused-variable -Wextra-tokens -Wundef  -fno-common -pipe conftest.c  -L. -L/nix/store/hsdgsnzhdisa06gnra6q4q3dymcrkdw7-ruby-3.1.6/lib -L. -fstack-protector-strong -L/nix/store/8vaabmp60xqyc0qsmakp0jak87yv6xab-libffi-3.4.6-dev/lib -L/nix/store/kn4yni36n8fb9nch269n5fjbsj2nwr8a-ncurses-6.4-dev/lib -L/nix/store/qpcp03pklapa266n5dqx1s33sxqi3jq1-readline-8.2p10-dev/lib -L/nix/store/72hn9pm0swlxldcwi23w9vb55asmniq6-zlib-1.3.1-dev/lib -L/nix/store/v1b8769fcfih9b5ah54q2qbkqy9ia22r-openssl-3.0.14-dev/lib -L/nix/store/xmqa7p92x60wjd8zc7mra06jqkr0zkyg-gdbm-1.23/lib -L/nix/store/9am1xx4bm8xrmrl9wfwxa50l14sjcq41-libyaml-0.2.5-dev/lib -L/nix/store/z17njjix0mwdk1pkmj2zmvdksx7d4kp7-libobjc-11.0.0/lib -L/nix/store/eeeeeeeeeeeeeeeeeeeeeeeeeeeeeeee-clang-wrapper-16.0.6/resource-root/lib -L/nix/store/2x9abkmnann7irj2k4s8ix4qh9ap5v42-libSystem-11.0.0/lib     -lruby-3.1.6   "
ld: warning: directory not found for option '-L/nix/store/eeeeeeeeeeeeeeeeeeeeeeeeeeeeeeee-clang-wrapper-16.0.6/resource-root/lib'
Undefined symbols for architecture arm64:
  "_rb_io_path", referenced from:
      _t in conftest-6f6480.o
ld: symbol(s) not found for architecture arm64
clang-16: error: linker command failed with exit code 1 (use -v to see invocation)
checked program was:
/* begin */
 1: #include "ruby.h"
 2: 
 3: #include <ruby/io.h>
 4: 
 5: /*top*/
 6: extern int t(void);
 7: int main(int argc, char **argv)
 8: {
 9:   if (argc > 1000000) {
10:     int (* volatile tp)(void)=(int (*)(void))&t;
11:     printf("%d", (*tp)());
12:   }
13: 
14:   return !!argv[argc];
15: }
16: extern void rb_io_path();
17: int t(void) { rb_io_path(); return 0; }
/* end */

--------------------

have_func: checking for rb_io_descriptor() in ruby/io.h... -------------------- yes

DYLD_FALLBACK_LIBRARY_PATH=.:/nix/store/hsdgsnzhdisa06gnra6q4q3dymcrkdw7-ruby-3.1.6/lib "clang -o conftest -I/nix/store/hsdgsnzhdisa06gnra6q4q3dymcrkdw7-ruby-3.1.6/include/ruby-3.1.0/arm64-darwin24 -I/nix/store/hsdgsnzhdisa06gnra6q4q3dymcrkdw7-ruby-3.1.6/include/ruby-3.1.0/ruby/backward -I/nix/store/hsdgsnzhdisa06gnra6q4q3dymcrkdw7-ruby-3.1.6/include/ruby-3.1.0 -I. -D_XOPEN_SOURCE -D_DARWIN_C_SOURCE -D_DARWIN_UNLIMITED_SELECT -D_REENTRANT   -fdeclspec -O3 -fno-fast-math -ggdb3 -Wall -Wextra -Wdeprecated-declarations -Wdivision-by-zero -Wimplicit-function-declaration -Wimplicit-int -Wmisleading-indentation -Wpointer-arith -Wshorten-64-to-32 -Wwrite-strings -Wold-style-definition -Wmissing-noreturn -Wno-cast-function-type -Wno-constant-logical-operand -Wno-long-long -Wno-missing-field-initializers -Wno-overlength-strings -Wno-parentheses-equality -Wno-self-assign -Wno-tautological-compare -Wno-unused-parameter -Wno-unused-value -Wunused-variable -Wextra-tokens -Wundef  -fno-common -pipe conftest.c  -L. -L/nix/store/hsdgsnzhdisa06gnra6q4q3dymcrkdw7-ruby-3.1.6/lib -L. -fstack-protector-strong -L/nix/store/8vaabmp60xqyc0qsmakp0jak87yv6xab-libffi-3.4.6-dev/lib -L/nix/store/kn4yni36n8fb9nch269n5fjbsj2nwr8a-ncurses-6.4-dev/lib -L/nix/store/qpcp03pklapa266n5dqx1s33sxqi3jq1-readline-8.2p10-dev/lib -L/nix/store/72hn9pm0swlxldcwi23w9vb55asmniq6-zlib-1.3.1-dev/lib -L/nix/store/v1b8769fcfih9b5ah54q2qbkqy9ia22r-openssl-3.0.14-dev/lib -L/nix/store/xmqa7p92x60wjd8zc7mra06jqkr0zkyg-gdbm-1.23/lib -L/nix/store/9am1xx4bm8xrmrl9wfwxa50l14sjcq41-libyaml-0.2.5-dev/lib -L/nix/store/z17njjix0mwdk1pkmj2zmvdksx7d4kp7-libobjc-11.0.0/lib -L/nix/store/eeeeeeeeeeeeeeeeeeeeeeeeeeeeeeee-clang-wrapper-16.0.6/resource-root/lib -L/nix/store/2x9abkmnann7irj2k4s8ix4qh9ap5v42-libSystem-11.0.0/lib     -lruby-3.1.6   "
ld: warning: directory not found for option '-L/nix/store/eeeeeeeeeeeeeeeeeeeeeeeeeeeeeeee-clang-wrapper-16.0.6/resource-root/lib'
checked program was:
/* begin */
 1: #include "ruby.h"
 2: 
 3: #include <ruby/io.h>
 4: 
 5: /*top*/
 6: extern int t(void);
 7: int main(int argc, char **argv)
 8: {
 9:   if (argc > 1000000) {
10:     int (* volatile tp)(void)=(int (*)(void))&t;
11:     printf("%d", (*tp)());
12:   }
13: 
14:   return !!argv[argc];
15: }
16: int t(void) { void ((*volatile p)()); p = (void ((*)()))rb_io_descriptor; return !p; }
/* end */

--------------------

have_func: checking for rb_io_get_write_io() in ruby/io.h... -------------------- yes

DYLD_FALLBACK_LIBRARY_PATH=.:/nix/store/hsdgsnzhdisa06gnra6q4q3dymcrkdw7-ruby-3.1.6/lib "clang -o conftest -I/nix/store/hsdgsnzhdisa06gnra6q4q3dymcrkdw7-ruby-3.1.6/include/ruby-3.1.0/arm64-darwin24 -I/nix/store/hsdgsnzhdisa06gnra6q4q3dymcrkdw7-ruby-3.1.6/include/ruby-3.1.0/ruby/backward -I/nix/store/hsdgsnzhdisa06gnra6q4q3dymcrkdw7-ruby-3.1.6/include/ruby-3.1.0 -I. -D_XOPEN_SOURCE -D_DARWIN_C_SOURCE -D_DARWIN_UNLIMITED_SELECT -D_REENTRANT   -fdeclspec -O3 -fno-fast-math -ggdb3 -Wall -Wextra -Wdeprecated-declarations -Wdivision-by-zero -Wimplicit-function-declaration -Wimplicit-int -Wmisleading-indentation -Wpointer-arith -Wshorten-64-to-32 -Wwrite-strings -Wold-style-definition -Wmissing-noreturn -Wno-cast-function-type -Wno-constant-logical-operand -Wno-long-long -Wno-missing-field-initializers -Wno-overlength-strings -Wno-parentheses-equality -Wno-self-assign -Wno-tautological-compare -Wno-unused-parameter -Wno-unused-value -Wunused-variable -Wextra-tokens -Wundef  -fno-common -pipe conftest.c  -L. -L/nix/store/hsdgsnzhdisa06gnra6q4q3dymcrkdw7-ruby-3.1.6/lib -L. -fstack-protector-strong -L/nix/store/8vaabmp60xqyc0qsmakp0jak87yv6xab-libffi-3.4.6-dev/lib -L/nix/store/kn4yni36n8fb9nch269n5fjbsj2nwr8a-ncurses-6.4-dev/lib -L/nix/store/qpcp03pklapa266n5dqx1s33sxqi3jq1-readline-8.2p10-dev/lib -L/nix/store/72hn9pm0swlxldcwi23w9vb55asmniq6-zlib-1.3.1-dev/lib -L/nix/store/v1b8769fcfih9b5ah54q2qbkqy9ia22r-openssl-3.0.14-dev/lib -L/nix/store/xmqa7p92x60wjd8zc7mra06jqkr0zkyg-gdbm-1.23/lib -L/nix/store/9am1xx4bm8xrmrl9wfwxa50l14sjcq41-libyaml-0.2.5-dev/lib -L/nix/store/z17njjix0mwdk1pkmj2zmvdksx7d4kp7-libobjc-11.0.0/lib -L/nix/store/eeeeeeeeeeeeeeeeeeeeeeeeeeeeeeee-clang-wrapper-16.0.6/resource-root/lib -L/nix/store/2x9abkmnann7irj2k4s8ix4qh9ap5v42-libSystem-11.0.0/lib     -lruby-3.1.6   "
ld: warning: directory not found for option '-L/nix/store/eeeeeeeeeeeeeeeeeeeeeeeeeeeeeeee-clang-wrapper-16.0.6/resource-root/lib'
checked program was:
/* begin */
 1: #include "ruby.h"
 2: 
 3: #include <ruby/io.h>
 4: 
 5: /*top*/
 6: extern int t(void);
 7: int main(int argc, char **argv)
 8: {
 9:   if (argc > 1000000) {
10:     int (* volatile tp)(void)=(int (*)(void))&t;
11:     printf("%d", (*tp)());
12:   }
13: 
14:   return !!argv[argc];
15: }
16: int t(void) { void ((*volatile p)()); p = (void ((*)()))rb_io_get_write_io; return !p; }
/* end */

--------------------

have_func: checking for rb_io_closed_p() in ruby/io.h... -------------------- no

DYLD_FALLBACK_LIBRARY_PATH=.:/nix/store/hsdgsnzhdisa06gnra6q4q3dymcrkdw7-ruby-3.1.6/lib "clang -o conftest -I/nix/store/hsdgsnzhdisa06gnra6q4q3dymcrkdw7-ruby-3.1.6/include/ruby-3.1.0/arm64-darwin24 -I/nix/store/hsdgsnzhdisa06gnra6q4q3dymcrkdw7-ruby-3.1.6/include/ruby-3.1.0/ruby/backward -I/nix/store/hsdgsnzhdisa06gnra6q4q3dymcrkdw7-ruby-3.1.6/include/ruby-3.1.0 -I. -D_XOPEN_SOURCE -D_DARWIN_C_SOURCE -D_DARWIN_UNLIMITED_SELECT -D_REENTRANT   -fdeclspec -O3 -fno-fast-math -ggdb3 -Wall -Wextra -Wdeprecated-declarations -Wdivision-by-zero -Wimplicit-function-declaration -Wimplicit-int -Wmisleading-indentation -Wpointer-arith -Wshorten-64-to-32 -Wwrite-strings -Wold-style-definition -Wmissing-noreturn -Wno-cast-function-type -Wno-constant-logical-operand -Wno-long-long -Wno-missing-field-initializers -Wno-overlength-strings -Wno-parentheses-equality -Wno-self-assign -Wno-tautological-compare -Wno-unused-parameter -Wno-unused-value -Wunused-variable -Wextra-tokens -Wundef  -fno-common -pipe conftest.c  -L. -L/nix/store/hsdgsnzhdisa06gnra6q4q3dymcrkdw7-ruby-3.1.6/lib -L. -fstack-protector-strong -L/nix/store/8vaabmp60xqyc0qsmakp0jak87yv6xab-libffi-3.4.6-dev/lib -L/nix/store/kn4yni36n8fb9nch269n5fjbsj2nwr8a-ncurses-6.4-dev/lib -L/nix/store/qpcp03pklapa266n5dqx1s33sxqi3jq1-readline-8.2p10-dev/lib -L/nix/store/72hn9pm0swlxldcwi23w9vb55asmniq6-zlib-1.3.1-dev/lib -L/nix/store/v1b8769fcfih9b5ah54q2qbkqy9ia22r-openssl-3.0.14-dev/lib -L/nix/store/xmqa7p92x60wjd8zc7mra06jqkr0zkyg-gdbm-1.23/lib -L/nix/store/9am1xx4bm8xrmrl9wfwxa50l14sjcq41-libyaml-0.2.5-dev/lib -L/nix/store/z17njjix0mwdk1pkmj2zmvdksx7d4kp7-libobjc-11.0.0/lib -L/nix/store/eeeeeeeeeeeeeeeeeeeeeeeeeeeeeeee-clang-wrapper-16.0.6/resource-root/lib -L/nix/store/2x9abkmnann7irj2k4s8ix4qh9ap5v42-libSystem-11.0.0/lib     -lruby-3.1.6   "
conftest.c:16:57: error: use of undeclared identifier 'rb_io_closed_p'
int t(void) { void ((*volatile p)()); p = (void ((*)()))rb_io_closed_p; return !p; }
                                                        ^
1 error generated.
checked program was:
/* begin */
 1: #include "ruby.h"
 2: 
 3: #include <ruby/io.h>
 4: 
 5: /*top*/
 6: extern int t(void);
 7: int main(int argc, char **argv)
 8: {
 9:   if (argc > 1000000) {
10:     int (* volatile tp)(void)=(int (*)(void))&t;
11:     printf("%d", (*tp)());
12:   }
13: 
14:   return !!argv[argc];
15: }
16: int t(void) { void ((*volatile p)()); p = (void ((*)()))rb_io_closed_p; return !p; }
/* end */

DYLD_FALLBACK_LIBRARY_PATH=.:/nix/store/hsdgsnzhdisa06gnra6q4q3dymcrkdw7-ruby-3.1.6/lib "clang -o conftest -I/nix/store/hsdgsnzhdisa06gnra6q4q3dymcrkdw7-ruby-3.1.6/include/ruby-3.1.0/arm64-darwin24 -I/nix/store/hsdgsnzhdisa06gnra6q4q3dymcrkdw7-ruby-3.1.6/include/ruby-3.1.0/ruby/backward -I/nix/store/hsdgsnzhdisa06gnra6q4q3dymcrkdw7-ruby-3.1.6/include/ruby-3.1.0 -I. -D_XOPEN_SOURCE -D_DARWIN_C_SOURCE -D_DARWIN_UNLIMITED_SELECT -D_REENTRANT   -fdeclspec -O3 -fno-fast-math -ggdb3 -Wall -Wextra -Wdeprecated-declarations -Wdivision-by-zero -Wimplicit-function-declaration -Wimplicit-int -Wmisleading-indentation -Wpointer-arith -Wshorten-64-to-32 -Wwrite-strings -Wold-style-definition -Wmissing-noreturn -Wno-cast-function-type -Wno-constant-logical-operand -Wno-long-long -Wno-missing-field-initializers -Wno-overlength-strings -Wno-parentheses-equality -Wno-self-assign -Wno-tautological-compare -Wno-unused-parameter -Wno-unused-value -Wunused-variable -Wextra-tokens -Wundef  -fno-common -pipe conftest.c  -L. -L/nix/store/hsdgsnzhdisa06gnra6q4q3dymcrkdw7-ruby-3.1.6/lib -L. -fstack-protector-strong -L/nix/store/8vaabmp60xqyc0qsmakp0jak87yv6xab-libffi-3.4.6-dev/lib -L/nix/store/kn4yni36n8fb9nch269n5fjbsj2nwr8a-ncurses-6.4-dev/lib -L/nix/store/qpcp03pklapa266n5dqx1s33sxqi3jq1-readline-8.2p10-dev/lib -L/nix/store/72hn9pm0swlxldcwi23w9vb55asmniq6-zlib-1.3.1-dev/lib -L/nix/store/v1b8769fcfih9b5ah54q2qbkqy9ia22r-openssl-3.0.14-dev/lib -L/nix/store/xmqa7p92x60wjd8zc7mra06jqkr0zkyg-gdbm-1.23/lib -L/nix/store/9am1xx4bm8xrmrl9wfwxa50l14sjcq41-libyaml-0.2.5-dev/lib -L/nix/store/z17njjix0mwdk1pkmj2zmvdksx7d4kp7-libobjc-11.0.0/lib -L/nix/store/eeeeeeeeeeeeeeeeeeeeeeeeeeeeeeee-clang-wrapper-16.0.6/resource-root/lib -L/nix/store/2x9abkmnann7irj2k4s8ix4qh9ap5v42-libSystem-11.0.0/lib     -lruby-3.1.6   "
ld: warning: directory not found for option '-L/nix/store/eeeeeeeeeeeeeeeeeeeeeeeeeeeeeeee-clang-wrapper-16.0.6/resource-root/lib'
Undefined symbols for architecture arm64:
  "_rb_io_closed_p", referenced from:
      _t in conftest-b8db7f.o
ld: symbol(s) not found for architecture arm64
clang-16: error: linker command failed with exit code 1 (use -v to see invocation)
checked program was:
/* begin */
 1: #include "ruby.h"
 2: 
 3: #include <ruby/io.h>
 4: 
 5: /*top*/
 6: extern int t(void);
 7: int main(int argc, char **argv)
 8: {
 9:   if (argc > 1000000) {
10:     int (* volatile tp)(void)=(int (*)(void))&t;
11:     printf("%d", (*tp)());
12:   }
13: 
14:   return !!argv[argc];
15: }
16: extern void rb_io_closed_p();
17: int t(void) { rb_io_closed_p(); return 0; }
/* end */

--------------------

have_func: checking for rb_io_open_descriptor() in ruby/io.h... -------------------- no

DYLD_FALLBACK_LIBRARY_PATH=.:/nix/store/hsdgsnzhdisa06gnra6q4q3dymcrkdw7-ruby-3.1.6/lib "clang -o conftest -I/nix/store/hsdgsnzhdisa06gnra6q4q3dymcrkdw7-ruby-3.1.6/include/ruby-3.1.0/arm64-darwin24 -I/nix/store/hsdgsnzhdisa06gnra6q4q3dymcrkdw7-ruby-3.1.6/include/ruby-3.1.0/ruby/backward -I/nix/store/hsdgsnzhdisa06gnra6q4q3dymcrkdw7-ruby-3.1.6/include/ruby-3.1.0 -I. -D_XOPEN_SOURCE -D_DARWIN_C_SOURCE -D_DARWIN_UNLIMITED_SELECT -D_REENTRANT   -fdeclspec -O3 -fno-fast-math -ggdb3 -Wall -Wextra -Wdeprecated-declarations -Wdivision-by-zero -Wimplicit-function-declaration -Wimplicit-int -Wmisleading-indentation -Wpointer-arith -Wshorten-64-to-32 -Wwrite-strings -Wold-style-definition -Wmissing-noreturn -Wno-cast-function-type -Wno-constant-logical-operand -Wno-long-long -Wno-missing-field-initializers -Wno-overlength-strings -Wno-parentheses-equality -Wno-self-assign -Wno-tautological-compare -Wno-unused-parameter -Wno-unused-value -Wunused-variable -Wextra-tokens -Wundef  -fno-common -pipe conftest.c  -L. -L/nix/store/hsdgsnzhdisa06gnra6q4q3dymcrkdw7-ruby-3.1.6/lib -L. -fstack-protector-strong -L/nix/store/8vaabmp60xqyc0qsmakp0jak87yv6xab-libffi-3.4.6-dev/lib -L/nix/store/kn4yni36n8fb9nch269n5fjbsj2nwr8a-ncurses-6.4-dev/lib -L/nix/store/qpcp03pklapa266n5dqx1s33sxqi3jq1-readline-8.2p10-dev/lib -L/nix/store/72hn9pm0swlxldcwi23w9vb55asmniq6-zlib-1.3.1-dev/lib -L/nix/store/v1b8769fcfih9b5ah54q2qbkqy9ia22r-openssl-3.0.14-dev/lib -L/nix/store/xmqa7p92x60wjd8zc7mra06jqkr0zkyg-gdbm-1.23/lib -L/nix/store/9am1xx4bm8xrmrl9wfwxa50l14sjcq41-libyaml-0.2.5-dev/lib -L/nix/store/z17njjix0mwdk1pkmj2zmvdksx7d4kp7-libobjc-11.0.0/lib -L/nix/store/eeeeeeeeeeeeeeeeeeeeeeeeeeeeeeee-clang-wrapper-16.0.6/resource-root/lib -L/nix/store/2x9abkmnann7irj2k4s8ix4qh9ap5v42-libSystem-11.0.0/lib     -lruby-3.1.6   "
conftest.c:16:57: error: use of undeclared identifier 'rb_io_open_descriptor'
int t(void) { void ((*volatile p)()); p = (void ((*)()))rb_io_open_descriptor; return !p; }
                                                        ^
1 error generated.
checked program was:
/* begin */
 1: #include "ruby.h"
 2: 
 3: #include <ruby/io.h>
 4: 
 5: /*top*/
 6: extern int t(void);
 7: int main(int argc, char **argv)
 8: {
 9:   if (argc > 1000000) {
10:     int (* volatile tp)(void)=(int (*)(void))&t;
11:     printf("%d", (*tp)());
12:   }
13: 
14:   return !!argv[argc];
15: }
16: int t(void) { void ((*volatile p)()); p = (void ((*)()))rb_io_open_descriptor; return !p; }
/* end */

DYLD_FALLBACK_LIBRARY_PATH=.:/nix/store/hsdgsnzhdisa06gnra6q4q3dymcrkdw7-ruby-3.1.6/lib "clang -o conftest -I/nix/store/hsdgsnzhdisa06gnra6q4q3dymcrkdw7-ruby-3.1.6/include/ruby-3.1.0/arm64-darwin24 -I/nix/store/hsdgsnzhdisa06gnra6q4q3dymcrkdw7-ruby-3.1.6/include/ruby-3.1.0/ruby/backward -I/nix/store/hsdgsnzhdisa06gnra6q4q3dymcrkdw7-ruby-3.1.6/include/ruby-3.1.0 -I. -D_XOPEN_SOURCE -D_DARWIN_C_SOURCE -D_DARWIN_UNLIMITED_SELECT -D_REENTRANT   -fdeclspec -O3 -fno-fast-math -ggdb3 -Wall -Wextra -Wdeprecated-declarations -Wdivision-by-zero -Wimplicit-function-declaration -Wimplicit-int -Wmisleading-indentation -Wpointer-arith -Wshorten-64-to-32 -Wwrite-strings -Wold-style-definition -Wmissing-noreturn -Wno-cast-function-type -Wno-constant-logical-operand -Wno-long-long -Wno-missing-field-initializers -Wno-overlength-strings -Wno-parentheses-equality -Wno-self-assign -Wno-tautological-compare -Wno-unused-parameter -Wno-unused-value -Wunused-variable -Wextra-tokens -Wundef  -fno-common -pipe conftest.c  -L. -L/nix/store/hsdgsnzhdisa06gnra6q4q3dymcrkdw7-ruby-3.1.6/lib -L. -fstack-protector-strong -L/nix/store/8vaabmp60xqyc0qsmakp0jak87yv6xab-libffi-3.4.6-dev/lib -L/nix/store/kn4yni36n8fb9nch269n5fjbsj2nwr8a-ncurses-6.4-dev/lib -L/nix/store/qpcp03pklapa266n5dqx1s33sxqi3jq1-readline-8.2p10-dev/lib -L/nix/store/72hn9pm0swlxldcwi23w9vb55asmniq6-zlib-1.3.1-dev/lib -L/nix/store/v1b8769fcfih9b5ah54q2qbkqy9ia22r-openssl-3.0.14-dev/lib -L/nix/store/xmqa7p92x60wjd8zc7mra06jqkr0zkyg-gdbm-1.23/lib -L/nix/store/9am1xx4bm8xrmrl9wfwxa50l14sjcq41-libyaml-0.2.5-dev/lib -L/nix/store/z17njjix0mwdk1pkmj2zmvdksx7d4kp7-libobjc-11.0.0/lib -L/nix/store/eeeeeeeeeeeeeeeeeeeeeeeeeeeeeeee-clang-wrapper-16.0.6/resource-root/lib -L/nix/store/2x9abkmnann7irj2k4s8ix4qh9ap5v42-libSystem-11.0.0/lib     -lruby-3.1.6   "
ld: warning: directory not found for option '-L/nix/store/eeeeeeeeeeeeeeeeeeeeeeeeeeeeeeee-clang-wrapper-16.0.6/resource-root/lib'
Undefined symbols for architecture arm64:
  "_rb_io_open_descriptor", referenced from:
      _t in conftest-a8ebb2.o
ld: symbol(s) not found for architecture arm64
clang-16: error: linker command failed with exit code 1 (use -v to see invocation)
checked program was:
/* begin */
 1: #include "ruby.h"
 2: 
 3: #include <ruby/io.h>
 4: 
 5: /*top*/
 6: extern int t(void);
 7: int main(int argc, char **argv)
 8: {
 9:   if (argc > 1000000) {
10:     int (* volatile tp)(void)=(int (*)(void))&t;
11:     printf("%d", (*tp)());
12:   }
13: 
14:   return !!argv[argc];
15: }
16: extern void rb_io_open_descriptor();
17: int t(void) { rb_io_open_descriptor(); return 0; }
/* end */

--------------------

have_func: checking for rb_ractor_local_storage_value_newkey()... -------------------- yes

DYLD_FALLBACK_LIBRARY_PATH=.:/nix/store/hsdgsnzhdisa06gnra6q4q3dymcrkdw7-ruby-3.1.6/lib "clang -o conftest -I/nix/store/hsdgsnzhdisa06gnra6q4q3dymcrkdw7-ruby-3.1.6/include/ruby-3.1.0/arm64-darwin24 -I/nix/store/hsdgsnzhdisa06gnra6q4q3dymcrkdw7-ruby-3.1.6/include/ruby-3.1.0/ruby/backward -I/nix/store/hsdgsnzhdisa06gnra6q4q3dymcrkdw7-ruby-3.1.6/include/ruby-3.1.0 -I. -D_XOPEN_SOURCE -D_DARWIN_C_SOURCE -D_DARWIN_UNLIMITED_SELECT -D_REENTRANT   -fdeclspec -O3 -fno-fast-math -ggdb3 -Wall -Wextra -Wdeprecated-declarations -Wdivision-by-zero -Wimplicit-function-declaration -Wimplicit-int -Wmisleading-indentation -Wpointer-arith -Wshorten-64-to-32 -Wwrite-strings -Wold-style-definition -Wmissing-noreturn -Wno-cast-function-type -Wno-constant-logical-operand -Wno-long-long -Wno-missing-field-initializers -Wno-overlength-strings -Wno-parentheses-equality -Wno-self-assign -Wno-tautological-compare -Wno-unused-parameter -Wno-unused-value -Wunused-variable -Wextra-tokens -Wundef  -fno-common -pipe conftest.c  -L. -L/nix/store/hsdgsnzhdisa06gnra6q4q3dymcrkdw7-ruby-3.1.6/lib -L. -fstack-protector-strong -L/nix/store/8vaabmp60xqyc0qsmakp0jak87yv6xab-libffi-3.4.6-dev/lib -L/nix/store/kn4yni36n8fb9nch269n5fjbsj2nwr8a-ncurses-6.4-dev/lib -L/nix/store/qpcp03pklapa266n5dqx1s33sxqi3jq1-readline-8.2p10-dev/lib -L/nix/store/72hn9pm0swlxldcwi23w9vb55asmniq6-zlib-1.3.1-dev/lib -L/nix/store/v1b8769fcfih9b5ah54q2qbkqy9ia22r-openssl-3.0.14-dev/lib -L/nix/store/xmqa7p92x60wjd8zc7mra06jqkr0zkyg-gdbm-1.23/lib -L/nix/store/9am1xx4bm8xrmrl9wfwxa50l14sjcq41-libyaml-0.2.5-dev/lib -L/nix/store/z17njjix0mwdk1pkmj2zmvdksx7d4kp7-libobjc-11.0.0/lib -L/nix/store/eeeeeeeeeeeeeeeeeeeeeeeeeeeeeeee-clang-wrapper-16.0.6/resource-root/lib -L/nix/store/2x9abkmnann7irj2k4s8ix4qh9ap5v42-libSystem-11.0.0/lib     -lruby-3.1.6   "
conftest.c:14:57: error: use of undeclared identifier 'rb_ractor_local_storage_value_newkey'
int t(void) { void ((*volatile p)()); p = (void ((*)()))rb_ractor_local_storage_value_newkey; return !p; }
                                                        ^
1 error generated.
checked program was:
/* begin */
 1: #include "ruby.h"
 2: 
 3: /*top*/
 4: extern int t(void);
 5: int main(int argc, char **argv)
 6: {
 7:   if (argc > 1000000) {
 8:     int (* volatile tp)(void)=(int (*)(void))&t;
 9:     printf("%d", (*tp)());
10:   }
11: 
12:   return !!argv[argc];
13: }
14: int t(void) { void ((*volatile p)()); p = (void ((*)()))rb_ractor_local_storage_value_newkey; return !p; }
/* end */

DYLD_FALLBACK_LIBRARY_PATH=.:/nix/store/hsdgsnzhdisa06gnra6q4q3dymcrkdw7-ruby-3.1.6/lib "clang -o conftest -I/nix/store/hsdgsnzhdisa06gnra6q4q3dymcrkdw7-ruby-3.1.6/include/ruby-3.1.0/arm64-darwin24 -I/nix/store/hsdgsnzhdisa06gnra6q4q3dymcrkdw7-ruby-3.1.6/include/ruby-3.1.0/ruby/backward -I/nix/store/hsdgsnzhdisa06gnra6q4q3dymcrkdw7-ruby-3.1.6/include/ruby-3.1.0 -I. -D_XOPEN_SOURCE -D_DARWIN_C_SOURCE -D_DARWIN_UNLIMITED_SELECT -D_REENTRANT   -fdeclspec -O3 -fno-fast-math -ggdb3 -Wall -Wextra -Wdeprecated-declarations -Wdivision-by-zero -Wimplicit-function-declaration -Wimplicit-int -Wmisleading-indentation -Wpointer-arith -Wshorten-64-to-32 -Wwrite-strings -Wold-style-definition -Wmissing-noreturn -Wno-cast-function-type -Wno-constant-logical-operand -Wno-long-long -Wno-missing-field-initializers -Wno-overlength-strings -Wno-parentheses-equality -Wno-self-assign -Wno-tautological-compare -Wno-unused-parameter -Wno-unused-value -Wunused-variable -Wextra-tokens -Wundef  -fno-common -pipe conftest.c  -L. -L/nix/store/hsdgsnzhdisa06gnra6q4q3dymcrkdw7-ruby-3.1.6/lib -L. -fstack-protector-strong -L/nix/store/8vaabmp60xqyc0qsmakp0jak87yv6xab-libffi-3.4.6-dev/lib -L/nix/store/kn4yni36n8fb9nch269n5fjbsj2nwr8a-ncurses-6.4-dev/lib -L/nix/store/qpcp03pklapa266n5dqx1s33sxqi3jq1-readline-8.2p10-dev/lib -L/nix/store/72hn9pm0swlxldcwi23w9vb55asmniq6-zlib-1.3.1-dev/lib -L/nix/store/v1b8769fcfih9b5ah54q2qbkqy9ia22r-openssl-3.0.14-dev/lib -L/nix/store/xmqa7p92x60wjd8zc7mra06jqkr0zkyg-gdbm-1.23/lib -L/nix/store/9am1xx4bm8xrmrl9wfwxa50l14sjcq41-libyaml-0.2.5-dev/lib -L/nix/store/z17njjix0mwdk1pkmj2zmvdksx7d4kp7-libobjc-11.0.0/lib -L/nix/store/eeeeeeeeeeeeeeeeeeeeeeeeeeeeeeee-clang-wrapper-16.0.6/resource-root/lib -L/nix/store/2x9abkmnann7irj2k4s8ix4qh9ap5v42-libSystem-11.0.0/lib     -lruby-3.1.6   "
ld: warning: directory not found for option '-L/nix/store/eeeeeeeeeeeeeeeeeeeeeeeeeeeeeeee-clang-wrapper-16.0.6/resource-root/lib'
checked program was:
/* begin */
 1: #include "ruby.h"
 2: 
 3: /*top*/
 4: extern int t(void);
 5: int main(int argc, char **argv)
 6: {
 7:   if (argc > 1000000) {
 8:     int (* volatile tp)(void)=(int (*)(void))&t;
 9:     printf("%d", (*tp)());
10:   }
11: 
12:   return !!argv[argc];
13: }
14: extern void rb_ractor_local_storage_value_newkey();
15: int t(void) { rb_ractor_local_storage_value_newkey(); return 0; }
/* end */

--------------------

DYLD_FALLBACK_LIBRARY_PATH=.:/nix/store/hsdgsnzhdisa06gnra6q4q3dymcrkdw7-ruby-3.1.6/lib "clang -I/nix/store/hsdgsnzhdisa06gnra6q4q3dymcrkdw7-ruby-3.1.6/include/ruby-3.1.0/arm64-darwin24 -I/nix/store/hsdgsnzhdisa06gnra6q4q3dymcrkdw7-ruby-3.1.6/include/ruby-3.1.0/ruby/backward -I/nix/store/hsdgsnzhdisa06gnra6q4q3dymcrkdw7-ruby-3.1.6/include/ruby-3.1.0 -I. -D_XOPEN_SOURCE -D_DARWIN_C_SOURCE -D_DARWIN_UNLIMITED_SELECT -D_REENTRANT   -fdeclspec -O3 -fno-fast-math -ggdb3 -Wall -Wextra -Wdeprecated-declarations -Wdivision-by-zero -Wimplicit-function-declaration -Wimplicit-int -Wmisleading-indentation -Wpointer-arith -Wshorten-64-to-32 -Wwrite-strings -Wold-style-definition -Wmissing-noreturn -Wno-cast-function-type -Wno-constant-logical-operand -Wno-long-long -Wno-missing-field-initializers -Wno-overlength-strings -Wno-parentheses-equality -Wno-self-assign -Wno-tautological-compare -Wno-unused-parameter -Wno-unused-value -Wunused-variable -Wextra-tokens -Wundef  -fno-common -pipe   -c conftest.c"
conftest.c:5:3: error: 
# error
  ^
conftest.c:6:1: error: expected identifier or '('
|:/ === _WIN32 undefined === /:|
^
2 errors generated.
checked program was:
/* begin */
1: #include "ruby.h"
2: 
3: /*top*/
4: #ifndef _WIN32
5: # error
6: |:/ === _WIN32 undefined === /:|
7: #endif
/* end */

have_header: checking for termios.h... -------------------- yes

DYLD_FALLBACK_LIBRARY_PATH=.:/nix/store/hsdgsnzhdisa06gnra6q4q3dymcrkdw7-ruby-3.1.6/lib "clang -I/nix/store/hsdgsnzhdisa06gnra6q4q3dymcrkdw7-ruby-3.1.6/include/ruby-3.1.0/arm64-darwin24 -I/nix/store/hsdgsnzhdisa06gnra6q4q3dymcrkdw7-ruby-3.1.6/include/ruby-3.1.0/ruby/backward -I/nix/store/hsdgsnzhdisa06gnra6q4q3dymcrkdw7-ruby-3.1.6/include/ruby-3.1.0 -I. -D_XOPEN_SOURCE -D_DARWIN_C_SOURCE -D_DARWIN_UNLIMITED_SELECT -D_REENTRANT   -fdeclspec -O3 -fno-fast-math -ggdb3 -Wall -Wextra -Wdeprecated-declarations -Wdivision-by-zero -Wimplicit-function-declaration -Wimplicit-int -Wmisleading-indentation -Wpointer-arith -Wshorten-64-to-32 -Wwrite-strings -Wold-style-definition -Wmissing-noreturn -Wno-cast-function-type -Wno-constant-logical-operand -Wno-long-long -Wno-missing-field-initializers -Wno-overlength-strings -Wno-parentheses-equality -Wno-self-assign -Wno-tautological-compare -Wno-unused-parameter -Wno-unused-value -Wunused-variable -Wextra-tokens -Wundef  -fno-common -pipe   -c conftest.c"
checked program was:
/* begin */
1: #include "ruby.h"
2: 
3: #include <termios.h>
/* end */

--------------------

have_func: checking for cfmakeraw() in termios.h... -------------------- yes

DYLD_FALLBACK_LIBRARY_PATH=.:/nix/store/hsdgsnzhdisa06gnra6q4q3dymcrkdw7-ruby-3.1.6/lib "clang -o conftest -I/nix/store/hsdgsnzhdisa06gnra6q4q3dymcrkdw7-ruby-3.1.6/include/ruby-3.1.0/arm64-darwin24 -I/nix/store/hsdgsnzhdisa06gnra6q4q3dymcrkdw7-ruby-3.1.6/include/ruby-3.1.0/ruby/backward -I/nix/store/hsdgsnzhdisa06gnra6q4q3dymcrkdw7-ruby-3.1.6/include/ruby-3.1.0 -I. -D_XOPEN_SOURCE -D_DARWIN_C_SOURCE -D_DARWIN_UNLIMITED_SELECT -D_REENTRANT   -fdeclspec -O3 -fno-fast-math -ggdb3 -Wall -Wextra -Wdeprecated-declarations -Wdivision-by-zero -Wimplicit-function-declaration -Wimplicit-int -Wmisleading-indentation -Wpointer-arith -Wshorten-64-to-32 -Wwrite-strings -Wold-style-definition -Wmissing-noreturn -Wno-cast-function-type -Wno-constant-logical-operand -Wno-long-long -Wno-missing-field-initializers -Wno-overlength-strings -Wno-parentheses-equality -Wno-self-assign -Wno-tautological-compare -Wno-unused-parameter -Wno-unused-value -Wunused-variable -Wextra-tokens -Wundef  -fno-common -pipe conftest.c  -L. -L/nix/store/hsdgsnzhdisa06gnra6q4q3dymcrkdw7-ruby-3.1.6/lib -L. -fstack-protector-strong -L/nix/store/8vaabmp60xqyc0qsmakp0jak87yv6xab-libffi-3.4.6-dev/lib -L/nix/store/kn4yni36n8fb9nch269n5fjbsj2nwr8a-ncurses-6.4-dev/lib -L/nix/store/qpcp03pklapa266n5dqx1s33sxqi3jq1-readline-8.2p10-dev/lib -L/nix/store/72hn9pm0swlxldcwi23w9vb55asmniq6-zlib-1.3.1-dev/lib -L/nix/store/v1b8769fcfih9b5ah54q2qbkqy9ia22r-openssl-3.0.14-dev/lib -L/nix/store/xmqa7p92x60wjd8zc7mra06jqkr0zkyg-gdbm-1.23/lib -L/nix/store/9am1xx4bm8xrmrl9wfwxa50l14sjcq41-libyaml-0.2.5-dev/lib -L/nix/store/z17njjix0mwdk1pkmj2zmvdksx7d4kp7-libobjc-11.0.0/lib -L/nix/store/eeeeeeeeeeeeeeeeeeeeeeeeeeeeeeee-clang-wrapper-16.0.6/resource-root/lib -L/nix/store/2x9abkmnann7irj2k4s8ix4qh9ap5v42-libSystem-11.0.0/lib     -lruby-3.1.6   "
ld: warning: directory not found for option '-L/nix/store/eeeeeeeeeeeeeeeeeeeeeeeeeeeeeeee-clang-wrapper-16.0.6/resource-root/lib'
checked program was:
/* begin */
 1: #include "ruby.h"
 2: 
 3: #include <termios.h>
 4: 
 5: /*top*/
 6: extern int t(void);
 7: int main(int argc, char **argv)
 8: {
 9:   if (argc > 1000000) {
10:     int (* volatile tp)(void)=(int (*)(void))&t;
11:     printf("%d", (*tp)());
12:   }
13: 
14:   return !!argv[argc];
15: }
16: int t(void) { void ((*volatile p)()); p = (void ((*)()))cfmakeraw; return !p; }
/* end */

--------------------

have_header: checking for sys/ioctl.h... -------------------- yes

DYLD_FALLBACK_LIBRARY_PATH=.:/nix/store/hsdgsnzhdisa06gnra6q4q3dymcrkdw7-ruby-3.1.6/lib "clang -I/nix/store/hsdgsnzhdisa06gnra6q4q3dymcrkdw7-ruby-3.1.6/include/ruby-3.1.0/arm64-darwin24 -I/nix/store/hsdgsnzhdisa06gnra6q4q3dymcrkdw7-ruby-3.1.6/include/ruby-3.1.0/ruby/backward -I/nix/store/hsdgsnzhdisa06gnra6q4q3dymcrkdw7-ruby-3.1.6/include/ruby-3.1.0 -I. -D_XOPEN_SOURCE -D_DARWIN_C_SOURCE -D_DARWIN_UNLIMITED_SELECT -D_REENTRANT   -fdeclspec -O3 -fno-fast-math -ggdb3 -Wall -Wextra -Wdeprecated-declarations -Wdivision-by-zero -Wimplicit-function-declaration -Wimplicit-int -Wmisleading-indentation -Wpointer-arith -Wshorten-64-to-32 -Wwrite-strings -Wold-style-definition -Wmissing-noreturn -Wno-cast-function-type -Wno-constant-logical-operand -Wno-long-long -Wno-missing-field-initializers -Wno-overlength-strings -Wno-parentheses-equality -Wno-self-assign -Wno-tautological-compare -Wno-unused-parameter -Wno-unused-value -Wunused-variable -Wextra-tokens -Wundef  -fno-common -pipe   -c conftest.c"
checked program was:
/* begin */
1: #include "ruby.h"
2: 
3: #include <sys/ioctl.h>
/* end */

--------------------

have_macro: checking for HAVE_RUBY_FIBER_SCHEDULER_H... -------------------- yes

DYLD_FALLBACK_LIBRARY_PATH=.:/nix/store/hsdgsnzhdisa06gnra6q4q3dymcrkdw7-ruby-3.1.6/lib "clang -I/nix/store/hsdgsnzhdisa06gnra6q4q3dymcrkdw7-ruby-3.1.6/include/ruby-3.1.0/arm64-darwin24 -I/nix/store/hsdgsnzhdisa06gnra6q4q3dymcrkdw7-ruby-3.1.6/include/ruby-3.1.0/ruby/backward -I/nix/store/hsdgsnzhdisa06gnra6q4q3dymcrkdw7-ruby-3.1.6/include/ruby-3.1.0 -I. -D_XOPEN_SOURCE -D_DARWIN_C_SOURCE -D_DARWIN_UNLIMITED_SELECT -D_REENTRANT   -fdeclspec -O3 -fno-fast-math -ggdb3 -Wall -Wextra -Wdeprecated-declarations -Wdivision-by-zero -Wimplicit-function-declaration -Wimplicit-int -Wmisleading-indentation -Wpointer-arith -Wshorten-64-to-32 -Wwrite-strings -Wold-style-definition -Wmissing-noreturn -Wno-cast-function-type -Wno-constant-logical-operand -Wno-long-long -Wno-missing-field-initializers -Wno-overlength-strings -Wno-parentheses-equality -Wno-self-assign -Wno-tautological-compare -Wno-unused-parameter -Wno-unused-value -Wunused-variable -Wextra-tokens -Wundef  -fno-common -pipe   -c conftest.c"
checked program was:
/* begin */
1: #include "ruby.h"
2: 
3: /*top*/
4: #ifndef HAVE_RUBY_FIBER_SCHEDULER_H
5: # error
6: |:/ === HAVE_RUBY_FIBER_SCHEDULER_H undefined === /:|
7: #endif
/* end */

--------------------

have_func: checking for ttyname_r()... -------------------- yes

DYLD_FALLBACK_LIBRARY_PATH=.:/nix/store/hsdgsnzhdisa06gnra6q4q3dymcrkdw7-ruby-3.1.6/lib "clang -o conftest -I/nix/store/hsdgsnzhdisa06gnra6q4q3dymcrkdw7-ruby-3.1.6/include/ruby-3.1.0/arm64-darwin24 -I/nix/store/hsdgsnzhdisa06gnra6q4q3dymcrkdw7-ruby-3.1.6/include/ruby-3.1.0/ruby/backward -I/nix/store/hsdgsnzhdisa06gnra6q4q3dymcrkdw7-ruby-3.1.6/include/ruby-3.1.0 -I. -D_XOPEN_SOURCE -D_DARWIN_C_SOURCE -D_DARWIN_UNLIMITED_SELECT -D_REENTRANT   -fdeclspec -O3 -fno-fast-math -ggdb3 -Wall -Wextra -Wdeprecated-declarations -Wdivision-by-zero -Wimplicit-function-declaration -Wimplicit-int -Wmisleading-indentation -Wpointer-arith -Wshorten-64-to-32 -Wwrite-strings -Wold-style-definition -Wmissing-noreturn -Wno-cast-function-type -Wno-constant-logical-operand -Wno-long-long -Wno-missing-field-initializers -Wno-overlength-strings -Wno-parentheses-equality -Wno-self-assign -Wno-tautological-compare -Wno-unused-parameter -Wno-unused-value -Wunused-variable -Wextra-tokens -Wundef  -fno-common -pipe conftest.c  -L. -L/nix/store/hsdgsnzhdisa06gnra6q4q3dymcrkdw7-ruby-3.1.6/lib -L. -fstack-protector-strong -L/nix/store/8vaabmp60xqyc0qsmakp0jak87yv6xab-libffi-3.4.6-dev/lib -L/nix/store/kn4yni36n8fb9nch269n5fjbsj2nwr8a-ncurses-6.4-dev/lib -L/nix/store/qpcp03pklapa266n5dqx1s33sxqi3jq1-readline-8.2p10-dev/lib -L/nix/store/72hn9pm0swlxldcwi23w9vb55asmniq6-zlib-1.3.1-dev/lib -L/nix/store/v1b8769fcfih9b5ah54q2qbkqy9ia22r-openssl-3.0.14-dev/lib -L/nix/store/xmqa7p92x60wjd8zc7mra06jqkr0zkyg-gdbm-1.23/lib -L/nix/store/9am1xx4bm8xrmrl9wfwxa50l14sjcq41-libyaml-0.2.5-dev/lib -L/nix/store/z17njjix0mwdk1pkmj2zmvdksx7d4kp7-libobjc-11.0.0/lib -L/nix/store/eeeeeeeeeeeeeeeeeeeeeeeeeeeeeeee-clang-wrapper-16.0.6/resource-root/lib -L/nix/store/2x9abkmnann7irj2k4s8ix4qh9ap5v42-libSystem-11.0.0/lib     -lruby-3.1.6   "
ld: warning: directory not found for option '-L/nix/store/eeeeeeeeeeeeeeeeeeeeeeeeeeeeeeee-clang-wrapper-16.0.6/resource-root/lib'
checked program was:
/* begin */
 1: #include "ruby.h"
 2: 
 3: /*top*/
 4: extern int t(void);
 5: int main(int argc, char **argv)
 6: {
 7:   if (argc > 1000000) {
 8:     int (* volatile tp)(void)=(int (*)(void))&t;
 9:     printf("%d", (*tp)());
10:   }
11: 
12:   return !!argv[argc];
13: }
14: int t(void) { void ((*volatile p)()); p = (void ((*)()))ttyname_r; return !p; }
/* end */

--------------------

