current directory: /Users/max-vev/Local/rbi-inventory/.gems/gems/puma-6.6.0/ext/puma_http11
/nix/store/hsdgsnzhdisa06gnra6q4q3dymcrkdw7-ruby-3.1.6/bin/ruby extconf.rb
──── Using OpenSSL pkgconfig (openssl.pc) ────
checking for openssl/bio.h... yes

──── Below are yes for 1.0.2 & later ────
checking for DTLS_method() in openssl/ssl.h... yes
checking for SSL_CTX_set_session_cache_mode(NULL, 0) in openssl/ssl.h... yes

──── Below are yes for 1.1.0 & later ────
checking for TLS_server_method() in openssl/ssl.h... yes
checking for SSL_CTX_set_min_proto_version(NULL, 0) in openssl/ssl.h... yes

──── Below is yes for 1.1.0 and later, but isn't documented until 3.0.0 ────
checking for SSL_CTX_set_dh_auto(NULL, 0) in openssl/ssl.h... yes

──── Below is yes for 1.1.1 & later ────
checking for SSL_CTX_set_ciphersuites(NULL, "") in openssl/ssl.h... yes

──── Below is yes for 3.0.0 & later ────
checking for SSL_get1_peer_certificate() in openssl/ssl.h... yes

checking for Random.bytes... yes
creating Makefile

current directory: /Users/max-vev/Local/rbi-inventory/.gems/gems/puma-6.6.0/ext/puma_http11
make DESTDIR\= sitearchdir\=./.gem.20250722-83211-rt5c17 sitelibdir\=./.gem.20250722-83211-rt5c17 clean

current directory: /Users/max-vev/Local/rbi-inventory/.gems/gems/puma-6.6.0/ext/puma_http11
make DESTDIR\= sitearchdir\=./.gem.20250722-83211-rt5c17 sitelibdir\=./.gem.20250722-83211-rt5c17
compiling http11_parser.c
compiling mini_ssl.c
compiling puma_http11.c
linking shared-object puma/puma_http11.bundle
ld: warning: directory not found for option '-L/nix/store/eeeeeeeeeeeeeeeeeeeeeeeeeeeeeeee-clang-wrapper-16.0.6/resource-root/lib'

current directory: /Users/max-vev/Local/rbi-inventory/.gems/gems/puma-6.6.0/ext/puma_http11
make DESTDIR\= sitearchdir\=./.gem.20250722-83211-rt5c17 sitelibdir\=./.gem.20250722-83211-rt5c17 install
install -c -p -m 755 puma_http11.bundle ./.gem.20250722-83211-rt5c17/puma

current directory: /Users/max-vev/Local/rbi-inventory/.gems/gems/puma-6.6.0/ext/puma_http11
make DESTDIR\= sitearchdir\=./.gem.20250722-83211-rt5c17 sitelibdir\=./.gem.20250722-83211-rt5c17 clean
