have_builtin_func: checking for __builtin_clz()... -------------------- yes

DYLD_FALLBACK_LIBRARY_PATH=.:/nix/store/hsdgsnzhdisa06gnra6q4q3dymcrkdw7-ruby-3.1.6/lib "clang -o conftest -I/nix/store/hsdgsnzhdisa06gnra6q4q3dymcrkdw7-ruby-3.1.6/include/ruby-3.1.0/arm64-darwin24 -I/nix/store/hsdgsnzhdisa06gnra6q4q3dymcrkdw7-ruby-3.1.6/include/ruby-3.1.0/ruby/backward -I/nix/store/hsdgsnzhdisa06gnra6q4q3dymcrkdw7-ruby-3.1.6/include/ruby-3.1.0 -I. -D_XOPEN_SOURCE -D_DARWIN_C_SOURCE -D_DARWIN_UNLIMITED_SELECT -D_REENTRANT   -fdeclspec -O3 -fno-fast-math -ggdb3 -Wall -Wextra -Wdeprecated-declarations -Wdivision-by-zero -Wimplicit-function-declaration -Wimplicit-int -Wmisleading-indentation -Wpointer-arith -Wshorten-64-to-32 -Wwrite-strings -Wold-style-definition -Wmissing-noreturn -Wno-cast-function-type -Wno-constant-logical-operand -Wno-long-long -Wno-missing-field-initializers -Wno-overlength-strings -Wno-parentheses-equality -Wno-self-assign -Wno-tautological-compare -Wno-unused-parameter -Wno-unused-value -Wunused-variable -Wextra-tokens -Wundef  -fno-common -pipe conftest.c  -L. -L/nix/store/hsdgsnzhdisa06gnra6q4q3dymcrkdw7-ruby-3.1.6/lib -L. -fstack-protector-strong -L/nix/store/8vaabmp60xqyc0qsmakp0jak87yv6xab-libffi-3.4.6-dev/lib -L/nix/store/kn4yni36n8fb9nch269n5fjbsj2nwr8a-ncurses-6.4-dev/lib -L/nix/store/qpcp03pklapa266n5dqx1s33sxqi3jq1-readline-8.2p10-dev/lib -L/nix/store/72hn9pm0swlxldcwi23w9vb55asmniq6-zlib-1.3.1-dev/lib -L/nix/store/v1b8769fcfih9b5ah54q2qbkqy9ia22r-openssl-3.0.14-dev/lib -L/nix/store/xmqa7p92x60wjd8zc7mra06jqkr0zkyg-gdbm-1.23/lib -L/nix/store/9am1xx4bm8xrmrl9wfwxa50l14sjcq41-libyaml-0.2.5-dev/lib -L/nix/store/z17njjix0mwdk1pkmj2zmvdksx7d4kp7-libobjc-11.0.0/lib -L/nix/store/eeeeeeeeeeeeeeeeeeeeeeeeeeeeeeee-clang-wrapper-16.0.6/resource-root/lib -L/nix/store/2x9abkmnann7irj2k4s8ix4qh9ap5v42-libSystem-11.0.0/lib     -lruby-3.1.6   "
ld: warning: directory not found for option '-L/nix/store/eeeeeeeeeeeeeeeeeeeeeeeeeeeeeeee-clang-wrapper-16.0.6/resource-root/lib'
checked program was:
/* begin */
1: #include "ruby.h"
2: 
3: int main(int argc, char **argv)
4: {
5:   return !!argv[argc];
6: }
/* end */

DYLD_FALLBACK_LIBRARY_PATH=.:/nix/store/hsdgsnzhdisa06gnra6q4q3dymcrkdw7-ruby-3.1.6/lib "clang -I/nix/store/hsdgsnzhdisa06gnra6q4q3dymcrkdw7-ruby-3.1.6/include/ruby-3.1.0/arm64-darwin24 -I/nix/store/hsdgsnzhdisa06gnra6q4q3dymcrkdw7-ruby-3.1.6/include/ruby-3.1.0/ruby/backward -I/nix/store/hsdgsnzhdisa06gnra6q4q3dymcrkdw7-ruby-3.1.6/include/ruby-3.1.0 -I. -D_XOPEN_SOURCE -D_DARWIN_C_SOURCE -D_DARWIN_UNLIMITED_SELECT -D_REENTRANT   -fdeclspec -O3 -fno-fast-math -ggdb3 -Wall -Wextra -Wdeprecated-declarations -Wdivision-by-zero -Wimplicit-function-declaration -Wimplicit-int -Wmisleading-indentation -Wpointer-arith -Wshorten-64-to-32 -Wwrite-strings -Wold-style-definition -Wmissing-noreturn -Wno-cast-function-type -Wno-constant-logical-operand -Wno-long-long -Wno-missing-field-initializers -Wno-overlength-strings -Wno-parentheses-equality -Wno-self-assign -Wno-tautological-compare -Wno-unused-parameter -Wno-unused-value -Wunused-variable -Wextra-tokens -Wundef  -fno-common -pipe   -c conftest.c"
checked program was:
/* begin */
1: #include "ruby.h"
2: 
3: int foo;
4: int main() { __builtin_clz(0); return 0; }
/* end */

--------------------

have_builtin_func: checking for __builtin_clzl()... -------------------- yes

DYLD_FALLBACK_LIBRARY_PATH=.:/nix/store/hsdgsnzhdisa06gnra6q4q3dymcrkdw7-ruby-3.1.6/lib "clang -I/nix/store/hsdgsnzhdisa06gnra6q4q3dymcrkdw7-ruby-3.1.6/include/ruby-3.1.0/arm64-darwin24 -I/nix/store/hsdgsnzhdisa06gnra6q4q3dymcrkdw7-ruby-3.1.6/include/ruby-3.1.0/ruby/backward -I/nix/store/hsdgsnzhdisa06gnra6q4q3dymcrkdw7-ruby-3.1.6/include/ruby-3.1.0 -I. -D_XOPEN_SOURCE -D_DARWIN_C_SOURCE -D_DARWIN_UNLIMITED_SELECT -D_REENTRANT   -fdeclspec -O3 -fno-fast-math -ggdb3 -Wall -Wextra -Wdeprecated-declarations -Wdivision-by-zero -Wimplicit-function-declaration -Wimplicit-int -Wmisleading-indentation -Wpointer-arith -Wshorten-64-to-32 -Wwrite-strings -Wold-style-definition -Wmissing-noreturn -Wno-cast-function-type -Wno-constant-logical-operand -Wno-long-long -Wno-missing-field-initializers -Wno-overlength-strings -Wno-parentheses-equality -Wno-self-assign -Wno-tautological-compare -Wno-unused-parameter -Wno-unused-value -Wunused-variable -Wextra-tokens -Wundef  -fno-common -pipe   -c conftest.c"
checked program was:
/* begin */
1: #include "ruby.h"
2: 
3: int foo;
4: int main() { __builtin_clzl(0); return 0; }
/* end */

--------------------

have_builtin_func: checking for __builtin_clzll()... -------------------- yes

DYLD_FALLBACK_LIBRARY_PATH=.:/nix/store/hsdgsnzhdisa06gnra6q4q3dymcrkdw7-ruby-3.1.6/lib "clang -I/nix/store/hsdgsnzhdisa06gnra6q4q3dymcrkdw7-ruby-3.1.6/include/ruby-3.1.0/arm64-darwin24 -I/nix/store/hsdgsnzhdisa06gnra6q4q3dymcrkdw7-ruby-3.1.6/include/ruby-3.1.0/ruby/backward -I/nix/store/hsdgsnzhdisa06gnra6q4q3dymcrkdw7-ruby-3.1.6/include/ruby-3.1.0 -I. -D_XOPEN_SOURCE -D_DARWIN_C_SOURCE -D_DARWIN_UNLIMITED_SELECT -D_REENTRANT   -fdeclspec -O3 -fno-fast-math -ggdb3 -Wall -Wextra -Wdeprecated-declarations -Wdivision-by-zero -Wimplicit-function-declaration -Wimplicit-int -Wmisleading-indentation -Wpointer-arith -Wshorten-64-to-32 -Wwrite-strings -Wold-style-definition -Wmissing-noreturn -Wno-cast-function-type -Wno-constant-logical-operand -Wno-long-long -Wno-missing-field-initializers -Wno-overlength-strings -Wno-parentheses-equality -Wno-self-assign -Wno-tautological-compare -Wno-unused-parameter -Wno-unused-value -Wunused-variable -Wextra-tokens -Wundef  -fno-common -pipe   -c conftest.c"
checked program was:
/* begin */
1: #include "ruby.h"
2: 
3: int foo;
4: int main() { __builtin_clzll(0); return 0; }
/* end */

--------------------

have_header: checking for float.h... -------------------- yes

DYLD_FALLBACK_LIBRARY_PATH=.:/nix/store/hsdgsnzhdisa06gnra6q4q3dymcrkdw7-ruby-3.1.6/lib "clang -I/nix/store/hsdgsnzhdisa06gnra6q4q3dymcrkdw7-ruby-3.1.6/include/ruby-3.1.0/arm64-darwin24 -I/nix/store/hsdgsnzhdisa06gnra6q4q3dymcrkdw7-ruby-3.1.6/include/ruby-3.1.0/ruby/backward -I/nix/store/hsdgsnzhdisa06gnra6q4q3dymcrkdw7-ruby-3.1.6/include/ruby-3.1.0 -I. -D_XOPEN_SOURCE -D_DARWIN_C_SOURCE -D_DARWIN_UNLIMITED_SELECT -D_REENTRANT   -fdeclspec -O3 -fno-fast-math -ggdb3 -Wall -Wextra -Wdeprecated-declarations -Wdivision-by-zero -Wimplicit-function-declaration -Wimplicit-int -Wmisleading-indentation -Wpointer-arith -Wshorten-64-to-32 -Wwrite-strings -Wold-style-definition -Wmissing-noreturn -Wno-cast-function-type -Wno-constant-logical-operand -Wno-long-long -Wno-missing-field-initializers -Wno-overlength-strings -Wno-parentheses-equality -Wno-self-assign -Wno-tautological-compare -Wno-unused-parameter -Wno-unused-value -Wunused-variable -Wextra-tokens -Wundef  -fno-common -pipe   -c conftest.c"
checked program was:
/* begin */
1: #include "ruby.h"
2: 
3: #include <float.h>
/* end */

--------------------

have_header: checking for math.h... -------------------- yes

DYLD_FALLBACK_LIBRARY_PATH=.:/nix/store/hsdgsnzhdisa06gnra6q4q3dymcrkdw7-ruby-3.1.6/lib "clang -I/nix/store/hsdgsnzhdisa06gnra6q4q3dymcrkdw7-ruby-3.1.6/include/ruby-3.1.0/arm64-darwin24 -I/nix/store/hsdgsnzhdisa06gnra6q4q3dymcrkdw7-ruby-3.1.6/include/ruby-3.1.0/ruby/backward -I/nix/store/hsdgsnzhdisa06gnra6q4q3dymcrkdw7-ruby-3.1.6/include/ruby-3.1.0 -I. -D_XOPEN_SOURCE -D_DARWIN_C_SOURCE -D_DARWIN_UNLIMITED_SELECT -D_REENTRANT   -fdeclspec -O3 -fno-fast-math -ggdb3 -Wall -Wextra -Wdeprecated-declarations -Wdivision-by-zero -Wimplicit-function-declaration -Wimplicit-int -Wmisleading-indentation -Wpointer-arith -Wshorten-64-to-32 -Wwrite-strings -Wold-style-definition -Wmissing-noreturn -Wno-cast-function-type -Wno-constant-logical-operand -Wno-long-long -Wno-missing-field-initializers -Wno-overlength-strings -Wno-parentheses-equality -Wno-self-assign -Wno-tautological-compare -Wno-unused-parameter -Wno-unused-value -Wunused-variable -Wextra-tokens -Wundef  -fno-common -pipe   -c conftest.c"
checked program was:
/* begin */
1: #include "ruby.h"
2: 
3: #include <math.h>
/* end */

--------------------

have_header: checking for stdbool.h... -------------------- yes

DYLD_FALLBACK_LIBRARY_PATH=.:/nix/store/hsdgsnzhdisa06gnra6q4q3dymcrkdw7-ruby-3.1.6/lib "clang -I/nix/store/hsdgsnzhdisa06gnra6q4q3dymcrkdw7-ruby-3.1.6/include/ruby-3.1.0/arm64-darwin24 -I/nix/store/hsdgsnzhdisa06gnra6q4q3dymcrkdw7-ruby-3.1.6/include/ruby-3.1.0/ruby/backward -I/nix/store/hsdgsnzhdisa06gnra6q4q3dymcrkdw7-ruby-3.1.6/include/ruby-3.1.0 -I. -D_XOPEN_SOURCE -D_DARWIN_C_SOURCE -D_DARWIN_UNLIMITED_SELECT -D_REENTRANT   -fdeclspec -O3 -fno-fast-math -ggdb3 -Wall -Wextra -Wdeprecated-declarations -Wdivision-by-zero -Wimplicit-function-declaration -Wimplicit-int -Wmisleading-indentation -Wpointer-arith -Wshorten-64-to-32 -Wwrite-strings -Wold-style-definition -Wmissing-noreturn -Wno-cast-function-type -Wno-constant-logical-operand -Wno-long-long -Wno-missing-field-initializers -Wno-overlength-strings -Wno-parentheses-equality -Wno-self-assign -Wno-tautological-compare -Wno-unused-parameter -Wno-unused-value -Wunused-variable -Wextra-tokens -Wundef  -fno-common -pipe   -c conftest.c"
checked program was:
/* begin */
1: #include "ruby.h"
2: 
3: #include <stdbool.h>
/* end */

--------------------

have_header: checking for stdlib.h... -------------------- yes

DYLD_FALLBACK_LIBRARY_PATH=.:/nix/store/hsdgsnzhdisa06gnra6q4q3dymcrkdw7-ruby-3.1.6/lib "clang -I/nix/store/hsdgsnzhdisa06gnra6q4q3dymcrkdw7-ruby-3.1.6/include/ruby-3.1.0/arm64-darwin24 -I/nix/store/hsdgsnzhdisa06gnra6q4q3dymcrkdw7-ruby-3.1.6/include/ruby-3.1.0/ruby/backward -I/nix/store/hsdgsnzhdisa06gnra6q4q3dymcrkdw7-ruby-3.1.6/include/ruby-3.1.0 -I. -D_XOPEN_SOURCE -D_DARWIN_C_SOURCE -D_DARWIN_UNLIMITED_SELECT -D_REENTRANT   -fdeclspec -O3 -fno-fast-math -ggdb3 -Wall -Wextra -Wdeprecated-declarations -Wdivision-by-zero -Wimplicit-function-declaration -Wimplicit-int -Wmisleading-indentation -Wpointer-arith -Wshorten-64-to-32 -Wwrite-strings -Wold-style-definition -Wmissing-noreturn -Wno-cast-function-type -Wno-constant-logical-operand -Wno-long-long -Wno-missing-field-initializers -Wno-overlength-strings -Wno-parentheses-equality -Wno-self-assign -Wno-tautological-compare -Wno-unused-parameter -Wno-unused-value -Wunused-variable -Wextra-tokens -Wundef  -fno-common -pipe   -c conftest.c"
checked program was:
/* begin */
1: #include "ruby.h"
2: 
3: #include <stdlib.h>
/* end */

--------------------

have_header: checking for x86intrin.h... -------------------- no

DYLD_FALLBACK_LIBRARY_PATH=.:/nix/store/hsdgsnzhdisa06gnra6q4q3dymcrkdw7-ruby-3.1.6/lib "clang -I/nix/store/hsdgsnzhdisa06gnra6q4q3dymcrkdw7-ruby-3.1.6/include/ruby-3.1.0/arm64-darwin24 -I/nix/store/hsdgsnzhdisa06gnra6q4q3dymcrkdw7-ruby-3.1.6/include/ruby-3.1.0/ruby/backward -I/nix/store/hsdgsnzhdisa06gnra6q4q3dymcrkdw7-ruby-3.1.6/include/ruby-3.1.0 -I. -D_XOPEN_SOURCE -D_DARWIN_C_SOURCE -D_DARWIN_UNLIMITED_SELECT -D_REENTRANT   -fdeclspec -O3 -fno-fast-math -ggdb3 -Wall -Wextra -Wdeprecated-declarations -Wdivision-by-zero -Wimplicit-function-declaration -Wimplicit-int -Wmisleading-indentation -Wpointer-arith -Wshorten-64-to-32 -Wwrite-strings -Wold-style-definition -Wmissing-noreturn -Wno-cast-function-type -Wno-constant-logical-operand -Wno-long-long -Wno-missing-field-initializers -Wno-overlength-strings -Wno-parentheses-equality -Wno-self-assign -Wno-tautological-compare -Wno-unused-parameter -Wno-unused-value -Wunused-variable -Wextra-tokens -Wundef  -fno-common -pipe   -c conftest.c"
In file included from conftest.c:3:
In file included from /nix/store/ykbj4vy7p4gzhfm59say7q4pmddv8ja7-clang-wrapper-16.0.6/resource-root/include/x86intrin.h:15:
/nix/store/ykbj4vy7p4gzhfm59say7q4pmddv8ja7-clang-wrapper-16.0.6/resource-root/include/immintrin.h:14:2: error: "This header is only meant to be used on x86 and x64 architecture"
#error "This header is only meant to be used on x86 and x64 architecture"
 ^
In file included from conftest.c:3:
In file included from /nix/store/ykbj4vy7p4gzhfm59say7q4pmddv8ja7-clang-wrapper-16.0.6/resource-root/include/x86intrin.h:15:
In file included from /nix/store/ykbj4vy7p4gzhfm59say7q4pmddv8ja7-clang-wrapper-16.0.6/resource-root/include/immintrin.h:17:
In file included from /nix/store/ykbj4vy7p4gzhfm59say7q4pmddv8ja7-clang-wrapper-16.0.6/resource-root/include/x86gprintrin.h:15:
/nix/store/ykbj4vy7p4gzhfm59say7q4pmddv8ja7-clang-wrapper-16.0.6/resource-root/include/hresetintrin.h:42:27: error: invalid input constraint 'a' in asm
  __asm__ ("hreset $0" :: "a"(__eax));
                          ^
In file included from conftest.c:3:
In file included from /nix/store/ykbj4vy7p4gzhfm59say7q4pmddv8ja7-clang-wrapper-16.0.6/resource-root/include/x86intrin.h:15:
In file included from /nix/store/ykbj4vy7p4gzhfm59say7q4pmddv8ja7-clang-wrapper-16.0.6/resource-root/include/immintrin.h:21:
/nix/store/ykbj4vy7p4gzhfm59say7q4pmddv8ja7-clang-wrapper-16.0.6/resource-root/include/mmintrin.h:14:2: error: "This header is only meant to be used on x86 and x64 architecture"
#error "This header is only meant to be used on x86 and x64 architecture"
 ^
/nix/store/ykbj4vy7p4gzhfm59say7q4pmddv8ja7-clang-wrapper-16.0.6/resource-root/include/mmintrin.h:54:12: error: invalid conversion between vector type '__m64' (vector of 1 'long long' value) and integer type 'int' of different size
    return (__m64)__builtin_ia32_vec_init_v2si(__i, 0);
           ^~~~~~~~~~~~~~~~~~~~~~~~~~~~~~~~~~~~~~~~~~~
/nix/store/ykbj4vy7p4gzhfm59say7q4pmddv8ja7-clang-wrapper-16.0.6/resource-root/include/mmintrin.h:133:12: error: invalid conversion between vector type '__m64' (vector of 1 'long long' value) and integer type 'int' of different size
    return (__m64)__builtin_ia32_packsswb((__v4hi)__m1, (__v4hi)__m2);
           ^~~~~~~~~~~~~~~~~~~~~~~~~~~~~~~~~~~~~~~~~~~~~~~~~~~~~~~~~~
/nix/store/ykbj4vy7p4gzhfm59say7q4pmddv8ja7-clang-wrapper-16.0.6/resource-root/include/mmintrin.h:163:12: error: invalid conversion between vector type '__m64' (vector of 1 'long long' value) and integer type 'int' of different size
    return (__m64)__builtin_ia32_packssdw((__v2si)__m1, (__v2si)__m2);
           ^~~~~~~~~~~~~~~~~~~~~~~~~~~~~~~~~~~~~~~~~~~~~~~~~~~~~~~~~~
/nix/store/ykbj4vy7p4gzhfm59say7q4pmddv8ja7-clang-wrapper-16.0.6/resource-root/include/mmintrin.h:193:12: error: invalid conversion between vector type '__m64' (vector of 1 'long long' value) and integer type 'int' of different size
    return (__m64)__builtin_ia32_packuswb((__v4hi)__m1, (__v4hi)__m2);
           ^~~~~~~~~~~~~~~~~~~~~~~~~~~~~~~~~~~~~~~~~~~~~~~~~~~~~~~~~~
/nix/store/ykbj4vy7p4gzhfm59say7q4pmddv8ja7-clang-wrapper-16.0.6/resource-root/include/mmintrin.h:220:12: error: invalid conversion between vector type '__m64' (vector of 1 'long long' value) and integer type 'int' of different size
    return (__m64)__builtin_ia32_punpckhbw((__v8qi)__m1, (__v8qi)__m2);
           ^~~~~~~~~~~~~~~~~~~~~~~~~~~~~~~~~~~~~~~~~~~~~~~~~~~~~~~~~~~
/nix/store/ykbj4vy7p4gzhfm59say7q4pmddv8ja7-clang-wrapper-16.0.6/resource-root/include/mmintrin.h:243:12: error: invalid conversion between vector type '__m64' (vector of 1 'long long' value) and integer type 'int' of different size
    return (__m64)__builtin_ia32_punpckhwd((__v4hi)__m1, (__v4hi)__m2);
           ^~~~~~~~~~~~~~~~~~~~~~~~~~~~~~~~~~~~~~~~~~~~~~~~~~~~~~~~~~~
/nix/store/ykbj4vy7p4gzhfm59say7q4pmddv8ja7-clang-wrapper-16.0.6/resource-root/include/mmintrin.h:264:12: error: invalid conversion between vector type '__m64' (vector of 1 'long long' value) and integer type 'int' of different size
    return (__m64)__builtin_ia32_punpckhdq((__v2si)__m1, (__v2si)__m2);
           ^~~~~~~~~~~~~~~~~~~~~~~~~~~~~~~~~~~~~~~~~~~~~~~~~~~~~~~~~~~
/nix/store/ykbj4vy7p4gzhfm59say7q4pmddv8ja7-clang-wrapper-16.0.6/resource-root/include/mmintrin.h:291:12: error: invalid conversion between vector type '__m64' (vector of 1 'long long' value) and integer type 'int' of different size
    return (__m64)__builtin_ia32_punpcklbw((__v8qi)__m1, (__v8qi)__m2);
           ^~~~~~~~~~~~~~~~~~~~~~~~~~~~~~~~~~~~~~~~~~~~~~~~~~~~~~~~~~~
/nix/store/ykbj4vy7p4gzhfm59say7q4pmddv8ja7-clang-wrapper-16.0.6/resource-root/include/mmintrin.h:314:12: error: invalid conversion between vector type '__m64' (vector of 1 'long long' value) and integer type 'int' of different size
    return (__m64)__builtin_ia32_punpcklwd((__v4hi)__m1, (__v4hi)__m2);
           ^~~~~~~~~~~~~~~~~~~~~~~~~~~~~~~~~~~~~~~~~~~~~~~~~~~~~~~~~~~
/nix/store/ykbj4vy7p4gzhfm59say7q4pmddv8ja7-clang-wrapper-16.0.6/resource-root/include/mmintrin.h:335:12: error: invalid conversion between vector type '__m64' (vector of 1 'long long' value) and integer type 'int' of different size
    return (__m64)__builtin_ia32_punpckldq((__v2si)__m1, (__v2si)__m2);
           ^~~~~~~~~~~~~~~~~~~~~~~~~~~~~~~~~~~~~~~~~~~~~~~~~~~~~~~~~~~
/nix/store/ykbj4vy7p4gzhfm59say7q4pmddv8ja7-clang-wrapper-16.0.6/resource-root/include/mmintrin.h:356:12: error: invalid conversion between vector type '__m64' (vector of 1 'long long' value) and integer type 'int' of different size
    return (__m64)__builtin_ia32_paddb((__v8qi)__m1, (__v8qi)__m2);
           ^~~~~~~~~~~~~~~~~~~~~~~~~~~~~~~~~~~~~~~~~~~~~~~~~~~~~~~
/nix/store/ykbj4vy7p4gzhfm59say7q4pmddv8ja7-clang-wrapper-16.0.6/resource-root/include/mmintrin.h:377:12: error: invalid conversion between vector type '__m64' (vector of 1 'long long' value) and integer type 'int' of different size
    return (__m64)__builtin_ia32_paddw((__v4hi)__m1, (__v4hi)__m2);
           ^~~~~~~~~~~~~~~~~~~~~~~~~~~~~~~~~~~~~~~~~~~~~~~~~~~~~~~
/nix/store/ykbj4vy7p4gzhfm59say7q4pmddv8ja7-clang-wrapper-16.0.6/resource-root/include/mmintrin.h:398:12: error: invalid conversion between vector type '__m64' (vector of 1 'long long' value) and integer type 'int' of different size
    return (__m64)__builtin_ia32_paddd((__v2si)__m1, (__v2si)__m2);
           ^~~~~~~~~~~~~~~~~~~~~~~~~~~~~~~~~~~~~~~~~~~~~~~~~~~~~~~
/nix/store/ykbj4vy7p4gzhfm59say7q4pmddv8ja7-clang-wrapper-16.0.6/resource-root/include/mmintrin.h:420:12: error: invalid conversion between vector type '__m64' (vector of 1 'long long' value) and integer type 'int' of different size
    return (__m64)__builtin_ia32_paddsb((__v8qi)__m1, (__v8qi)__m2);
           ^~~~~~~~~~~~~~~~~~~~~~~~~~~~~~~~~~~~~~~~~~~~~~~~~~~~~~~~
/nix/store/ykbj4vy7p4gzhfm59say7q4pmddv8ja7-clang-wrapper-16.0.6/resource-root/include/mmintrin.h:443:12: error: invalid conversion between vector type '__m64' (vector of 1 'long long' value) and integer type 'int' of different size
    return (__m64)__builtin_ia32_paddsw((__v4hi)__m1, (__v4hi)__m2);
           ^~~~~~~~~~~~~~~~~~~~~~~~~~~~~~~~~~~~~~~~~~~~~~~~~~~~~~~~
/nix/store/ykbj4vy7p4gzhfm59say7q4pmddv8ja7-clang-wrapper-16.0.6/resource-root/include/mmintrin.h:465:12: error: invalid conversion between vector type '__m64' (vector of 1 'long long' value) and integer type 'int' of different size
    return (__m64)__builtin_ia32_paddusb((__v8qi)__m1, (__v8qi)__m2);
           ^~~~~~~~~~~~~~~~~~~~~~~~~~~~~~~~~~~~~~~~~~~~~~~~~~~~~~~~~
fatal error: too many errors emitted, stopping now [-ferror-limit=]
20 errors generated.
checked program was:
/* begin */
1: #include "ruby.h"
2: 
3: #include <x86intrin.h>
/* end */

--------------------

have_header: checking for intrin.h... -------------------- no

DYLD_FALLBACK_LIBRARY_PATH=.:/nix/store/hsdgsnzhdisa06gnra6q4q3dymcrkdw7-ruby-3.1.6/lib "clang -I/nix/store/hsdgsnzhdisa06gnra6q4q3dymcrkdw7-ruby-3.1.6/include/ruby-3.1.0/arm64-darwin24 -I/nix/store/hsdgsnzhdisa06gnra6q4q3dymcrkdw7-ruby-3.1.6/include/ruby-3.1.0/ruby/backward -I/nix/store/hsdgsnzhdisa06gnra6q4q3dymcrkdw7-ruby-3.1.6/include/ruby-3.1.0 -I. -D_XOPEN_SOURCE -D_DARWIN_C_SOURCE -D_DARWIN_UNLIMITED_SELECT -D_REENTRANT   -fdeclspec -O3 -fno-fast-math -ggdb3 -Wall -Wextra -Wdeprecated-declarations -Wdivision-by-zero -Wimplicit-function-declaration -Wimplicit-int -Wmisleading-indentation -Wpointer-arith -Wshorten-64-to-32 -Wwrite-strings -Wold-style-definition -Wmissing-noreturn -Wno-cast-function-type -Wno-constant-logical-operand -Wno-long-long -Wno-missing-field-initializers -Wno-overlength-strings -Wno-parentheses-equality -Wno-self-assign -Wno-tautological-compare -Wno-unused-parameter -Wno-unused-value -Wunused-variable -Wextra-tokens -Wundef  -fno-common -pipe   -c conftest.c"
In file included from conftest.c:3:
/nix/store/ykbj4vy7p4gzhfm59say7q4pmddv8ja7-clang-wrapper-16.0.6/resource-root/include/intrin.h:12:15: fatal error: 'intrin.h' file not found
#include_next <intrin.h>
              ^~~~~~~~~~
1 error generated.
checked program was:
/* begin */
1: #include "ruby.h"
2: 
3: #include <intrin.h>
/* end */

--------------------

have_func: checking for labs() in stdlib.h... -------------------- yes

DYLD_FALLBACK_LIBRARY_PATH=.:/nix/store/hsdgsnzhdisa06gnra6q4q3dymcrkdw7-ruby-3.1.6/lib "clang -o conftest -I/nix/store/hsdgsnzhdisa06gnra6q4q3dymcrkdw7-ruby-3.1.6/include/ruby-3.1.0/arm64-darwin24 -I/nix/store/hsdgsnzhdisa06gnra6q4q3dymcrkdw7-ruby-3.1.6/include/ruby-3.1.0/ruby/backward -I/nix/store/hsdgsnzhdisa06gnra6q4q3dymcrkdw7-ruby-3.1.6/include/ruby-3.1.0 -I. -D_XOPEN_SOURCE -D_DARWIN_C_SOURCE -D_DARWIN_UNLIMITED_SELECT -D_REENTRANT   -fdeclspec -O3 -fno-fast-math -ggdb3 -Wall -Wextra -Wdeprecated-declarations -Wdivision-by-zero -Wimplicit-function-declaration -Wimplicit-int -Wmisleading-indentation -Wpointer-arith -Wshorten-64-to-32 -Wwrite-strings -Wold-style-definition -Wmissing-noreturn -Wno-cast-function-type -Wno-constant-logical-operand -Wno-long-long -Wno-missing-field-initializers -Wno-overlength-strings -Wno-parentheses-equality -Wno-self-assign -Wno-tautological-compare -Wno-unused-parameter -Wno-unused-value -Wunused-variable -Wextra-tokens -Wundef  -fno-common -pipe conftest.c  -L. -L/nix/store/hsdgsnzhdisa06gnra6q4q3dymcrkdw7-ruby-3.1.6/lib -L. -fstack-protector-strong -L/nix/store/8vaabmp60xqyc0qsmakp0jak87yv6xab-libffi-3.4.6-dev/lib -L/nix/store/kn4yni36n8fb9nch269n5fjbsj2nwr8a-ncurses-6.4-dev/lib -L/nix/store/qpcp03pklapa266n5dqx1s33sxqi3jq1-readline-8.2p10-dev/lib -L/nix/store/72hn9pm0swlxldcwi23w9vb55asmniq6-zlib-1.3.1-dev/lib -L/nix/store/v1b8769fcfih9b5ah54q2qbkqy9ia22r-openssl-3.0.14-dev/lib -L/nix/store/xmqa7p92x60wjd8zc7mra06jqkr0zkyg-gdbm-1.23/lib -L/nix/store/9am1xx4bm8xrmrl9wfwxa50l14sjcq41-libyaml-0.2.5-dev/lib -L/nix/store/z17njjix0mwdk1pkmj2zmvdksx7d4kp7-libobjc-11.0.0/lib -L/nix/store/eeeeeeeeeeeeeeeeeeeeeeeeeeeeeeee-clang-wrapper-16.0.6/resource-root/lib -L/nix/store/2x9abkmnann7irj2k4s8ix4qh9ap5v42-libSystem-11.0.0/lib     -lruby-3.1.6   "
ld: warning: directory not found for option '-L/nix/store/eeeeeeeeeeeeeeeeeeeeeeeeeeeeeeee-clang-wrapper-16.0.6/resource-root/lib'
checked program was:
/* begin */
 1: #include "ruby.h"
 2: 
 3: #include <stdlib.h>
 4: 
 5: /*top*/
 6: extern int t(void);
 7: int main(int argc, char **argv)
 8: {
 9:   if (argc > 1000000) {
10:     int (* volatile tp)(void)=(int (*)(void))&t;
11:     printf("%d", (*tp)());
12:   }
13: 
14:   return !!argv[argc];
15: }
16: int t(void) { void ((*volatile p)()); p = (void ((*)()))labs; return !p; }
/* end */

--------------------

have_func: checking for llabs() in stdlib.h... -------------------- yes

DYLD_FALLBACK_LIBRARY_PATH=.:/nix/store/hsdgsnzhdisa06gnra6q4q3dymcrkdw7-ruby-3.1.6/lib "clang -o conftest -I/nix/store/hsdgsnzhdisa06gnra6q4q3dymcrkdw7-ruby-3.1.6/include/ruby-3.1.0/arm64-darwin24 -I/nix/store/hsdgsnzhdisa06gnra6q4q3dymcrkdw7-ruby-3.1.6/include/ruby-3.1.0/ruby/backward -I/nix/store/hsdgsnzhdisa06gnra6q4q3dymcrkdw7-ruby-3.1.6/include/ruby-3.1.0 -I. -D_XOPEN_SOURCE -D_DARWIN_C_SOURCE -D_DARWIN_UNLIMITED_SELECT -D_REENTRANT   -fdeclspec -O3 -fno-fast-math -ggdb3 -Wall -Wextra -Wdeprecated-declarations -Wdivision-by-zero -Wimplicit-function-declaration -Wimplicit-int -Wmisleading-indentation -Wpointer-arith -Wshorten-64-to-32 -Wwrite-strings -Wold-style-definition -Wmissing-noreturn -Wno-cast-function-type -Wno-constant-logical-operand -Wno-long-long -Wno-missing-field-initializers -Wno-overlength-strings -Wno-parentheses-equality -Wno-self-assign -Wno-tautological-compare -Wno-unused-parameter -Wno-unused-value -Wunused-variable -Wextra-tokens -Wundef  -fno-common -pipe conftest.c  -L. -L/nix/store/hsdgsnzhdisa06gnra6q4q3dymcrkdw7-ruby-3.1.6/lib -L. -fstack-protector-strong -L/nix/store/8vaabmp60xqyc0qsmakp0jak87yv6xab-libffi-3.4.6-dev/lib -L/nix/store/kn4yni36n8fb9nch269n5fjbsj2nwr8a-ncurses-6.4-dev/lib -L/nix/store/qpcp03pklapa266n5dqx1s33sxqi3jq1-readline-8.2p10-dev/lib -L/nix/store/72hn9pm0swlxldcwi23w9vb55asmniq6-zlib-1.3.1-dev/lib -L/nix/store/v1b8769fcfih9b5ah54q2qbkqy9ia22r-openssl-3.0.14-dev/lib -L/nix/store/xmqa7p92x60wjd8zc7mra06jqkr0zkyg-gdbm-1.23/lib -L/nix/store/9am1xx4bm8xrmrl9wfwxa50l14sjcq41-libyaml-0.2.5-dev/lib -L/nix/store/z17njjix0mwdk1pkmj2zmvdksx7d4kp7-libobjc-11.0.0/lib -L/nix/store/eeeeeeeeeeeeeeeeeeeeeeeeeeeeeeee-clang-wrapper-16.0.6/resource-root/lib -L/nix/store/2x9abkmnann7irj2k4s8ix4qh9ap5v42-libSystem-11.0.0/lib     -lruby-3.1.6   "
ld: warning: directory not found for option '-L/nix/store/eeeeeeeeeeeeeeeeeeeeeeeeeeeeeeee-clang-wrapper-16.0.6/resource-root/lib'
checked program was:
/* begin */
 1: #include "ruby.h"
 2: 
 3: #include <stdlib.h>
 4: 
 5: /*top*/
 6: extern int t(void);
 7: int main(int argc, char **argv)
 8: {
 9:   if (argc > 1000000) {
10:     int (* volatile tp)(void)=(int (*)(void))&t;
11:     printf("%d", (*tp)());
12:   }
13: 
14:   return !!argv[argc];
15: }
16: int t(void) { void ((*volatile p)()); p = (void ((*)()))llabs; return !p; }
/* end */

--------------------

have_func: checking for finite() in math.h... -------------------- no

DYLD_FALLBACK_LIBRARY_PATH=.:/nix/store/hsdgsnzhdisa06gnra6q4q3dymcrkdw7-ruby-3.1.6/lib "clang -o conftest -I/nix/store/hsdgsnzhdisa06gnra6q4q3dymcrkdw7-ruby-3.1.6/include/ruby-3.1.0/arm64-darwin24 -I/nix/store/hsdgsnzhdisa06gnra6q4q3dymcrkdw7-ruby-3.1.6/include/ruby-3.1.0/ruby/backward -I/nix/store/hsdgsnzhdisa06gnra6q4q3dymcrkdw7-ruby-3.1.6/include/ruby-3.1.0 -I. -D_XOPEN_SOURCE -D_DARWIN_C_SOURCE -D_DARWIN_UNLIMITED_SELECT -D_REENTRANT   -fdeclspec -O3 -fno-fast-math -ggdb3 -Wall -Wextra -Wdeprecated-declarations -Wdivision-by-zero -Wimplicit-function-declaration -Wimplicit-int -Wmisleading-indentation -Wpointer-arith -Wshorten-64-to-32 -Wwrite-strings -Wold-style-definition -Wmissing-noreturn -Wno-cast-function-type -Wno-constant-logical-operand -Wno-long-long -Wno-missing-field-initializers -Wno-overlength-strings -Wno-parentheses-equality -Wno-self-assign -Wno-tautological-compare -Wno-unused-parameter -Wno-unused-value -Wunused-variable -Wextra-tokens -Wundef  -fno-common -pipe conftest.c  -L. -L/nix/store/hsdgsnzhdisa06gnra6q4q3dymcrkdw7-ruby-3.1.6/lib -L. -fstack-protector-strong -L/nix/store/8vaabmp60xqyc0qsmakp0jak87yv6xab-libffi-3.4.6-dev/lib -L/nix/store/kn4yni36n8fb9nch269n5fjbsj2nwr8a-ncurses-6.4-dev/lib -L/nix/store/qpcp03pklapa266n5dqx1s33sxqi3jq1-readline-8.2p10-dev/lib -L/nix/store/72hn9pm0swlxldcwi23w9vb55asmniq6-zlib-1.3.1-dev/lib -L/nix/store/v1b8769fcfih9b5ah54q2qbkqy9ia22r-openssl-3.0.14-dev/lib -L/nix/store/xmqa7p92x60wjd8zc7mra06jqkr0zkyg-gdbm-1.23/lib -L/nix/store/9am1xx4bm8xrmrl9wfwxa50l14sjcq41-libyaml-0.2.5-dev/lib -L/nix/store/z17njjix0mwdk1pkmj2zmvdksx7d4kp7-libobjc-11.0.0/lib -L/nix/store/eeeeeeeeeeeeeeeeeeeeeeeeeeeeeeee-clang-wrapper-16.0.6/resource-root/lib -L/nix/store/2x9abkmnann7irj2k4s8ix4qh9ap5v42-libSystem-11.0.0/lib     -lruby-3.1.6   "
conftest.c:16:57: error: call to undeclared library function 'finite' with type 'int (double)'; ISO C99 and later do not support implicit function declarations [-Wimplicit-function-declaration]
int t(void) { void ((*volatile p)()); p = (void ((*)()))finite; return !p; }
                                                        ^
conftest.c:16:57: note: include the header <math.h> or explicitly provide a declaration for 'finite'
1 error generated.
checked program was:
/* begin */
 1: #include "ruby.h"
 2: 
 3: #include <math.h>
 4: 
 5: /*top*/
 6: extern int t(void);
 7: int main(int argc, char **argv)
 8: {
 9:   if (argc > 1000000) {
10:     int (* volatile tp)(void)=(int (*)(void))&t;
11:     printf("%d", (*tp)());
12:   }
13: 
14:   return !!argv[argc];
15: }
16: int t(void) { void ((*volatile p)()); p = (void ((*)()))finite; return !p; }
/* end */

DYLD_FALLBACK_LIBRARY_PATH=.:/nix/store/hsdgsnzhdisa06gnra6q4q3dymcrkdw7-ruby-3.1.6/lib "clang -o conftest -I/nix/store/hsdgsnzhdisa06gnra6q4q3dymcrkdw7-ruby-3.1.6/include/ruby-3.1.0/arm64-darwin24 -I/nix/store/hsdgsnzhdisa06gnra6q4q3dymcrkdw7-ruby-3.1.6/include/ruby-3.1.0/ruby/backward -I/nix/store/hsdgsnzhdisa06gnra6q4q3dymcrkdw7-ruby-3.1.6/include/ruby-3.1.0 -I. -D_XOPEN_SOURCE -D_DARWIN_C_SOURCE -D_DARWIN_UNLIMITED_SELECT -D_REENTRANT   -fdeclspec -O3 -fno-fast-math -ggdb3 -Wall -Wextra -Wdeprecated-declarations -Wdivision-by-zero -Wimplicit-function-declaration -Wimplicit-int -Wmisleading-indentation -Wpointer-arith -Wshorten-64-to-32 -Wwrite-strings -Wold-style-definition -Wmissing-noreturn -Wno-cast-function-type -Wno-constant-logical-operand -Wno-long-long -Wno-missing-field-initializers -Wno-overlength-strings -Wno-parentheses-equality -Wno-self-assign -Wno-tautological-compare -Wno-unused-parameter -Wno-unused-value -Wunused-variable -Wextra-tokens -Wundef  -fno-common -pipe conftest.c  -L. -L/nix/store/hsdgsnzhdisa06gnra6q4q3dymcrkdw7-ruby-3.1.6/lib -L. -fstack-protector-strong -L/nix/store/8vaabmp60xqyc0qsmakp0jak87yv6xab-libffi-3.4.6-dev/lib -L/nix/store/kn4yni36n8fb9nch269n5fjbsj2nwr8a-ncurses-6.4-dev/lib -L/nix/store/qpcp03pklapa266n5dqx1s33sxqi3jq1-readline-8.2p10-dev/lib -L/nix/store/72hn9pm0swlxldcwi23w9vb55asmniq6-zlib-1.3.1-dev/lib -L/nix/store/v1b8769fcfih9b5ah54q2qbkqy9ia22r-openssl-3.0.14-dev/lib -L/nix/store/xmqa7p92x60wjd8zc7mra06jqkr0zkyg-gdbm-1.23/lib -L/nix/store/9am1xx4bm8xrmrl9wfwxa50l14sjcq41-libyaml-0.2.5-dev/lib -L/nix/store/z17njjix0mwdk1pkmj2zmvdksx7d4kp7-libobjc-11.0.0/lib -L/nix/store/eeeeeeeeeeeeeeeeeeeeeeeeeeeeeeee-clang-wrapper-16.0.6/resource-root/lib -L/nix/store/2x9abkmnann7irj2k4s8ix4qh9ap5v42-libSystem-11.0.0/lib     -lruby-3.1.6   "
conftest.c:16:13: error: expected identifier or '('
extern void finite();
            ^
/nix/store/hsdgsnzhdisa06gnra6q4q3dymcrkdw7-ruby-3.1.6/include/ruby-3.1.0/ruby/missing.h:153:20: note: expanded from macro 'finite'
# define finite(x) isfinite(x)
                   ^
/nix/store/2x9abkmnann7irj2k4s8ix4qh9ap5v42-libSystem-11.0.0/include/math.h:155:7: note: expanded from macro 'isfinite'
    ( sizeof(x) == sizeof(float)  ? __inline_isfinitef((float)(x))       \
      ^
conftest.c:16:13: error: expected ')'
/nix/store/hsdgsnzhdisa06gnra6q4q3dymcrkdw7-ruby-3.1.6/include/ruby-3.1.0/ruby/missing.h:153:20: note: expanded from macro 'finite'
# define finite(x) isfinite(x)
                   ^
/nix/store/2x9abkmnann7irj2k4s8ix4qh9ap5v42-libSystem-11.0.0/include/math.h:155:7: note: expanded from macro 'isfinite'
    ( sizeof(x) == sizeof(float)  ? __inline_isfinitef((float)(x))       \
      ^
conftest.c:16:13: note: to match this '('
/nix/store/hsdgsnzhdisa06gnra6q4q3dymcrkdw7-ruby-3.1.6/include/ruby-3.1.0/ruby/missing.h:153:20: note: expanded from macro 'finite'
# define finite(x) isfinite(x)
                   ^
/nix/store/2x9abkmnann7irj2k4s8ix4qh9ap5v42-libSystem-11.0.0/include/math.h:155:5: note: expanded from macro 'isfinite'
    ( sizeof(x) == sizeof(float)  ? __inline_isfinitef((float)(x))       \
    ^
conftest.c:17:15: error: expected expression
int t(void) { finite(); return 0; }
              ^
/nix/store/hsdgsnzhdisa06gnra6q4q3dymcrkdw7-ruby-3.1.6/include/ruby-3.1.0/ruby/missing.h:153:20: note: expanded from macro 'finite'
# define finite(x) isfinite(x)
                   ^
/nix/store/2x9abkmnann7irj2k4s8ix4qh9ap5v42-libSystem-11.0.0/include/math.h:155:15: note: expanded from macro 'isfinite'
    ( sizeof(x) == sizeof(float)  ? __inline_isfinitef((float)(x))       \
              ^
conftest.c:17:15: error: expected expression
/nix/store/hsdgsnzhdisa06gnra6q4q3dymcrkdw7-ruby-3.1.6/include/ruby-3.1.0/ruby/missing.h:153:20: note: expanded from macro 'finite'
# define finite(x) isfinite(x)
                   ^
/nix/store/2x9abkmnann7irj2k4s8ix4qh9ap5v42-libSystem-11.0.0/include/math.h:155:65: note: expanded from macro 'isfinite'
    ( sizeof(x) == sizeof(float)  ? __inline_isfinitef((float)(x))       \
                                                                ^
conftest.c:17:15: error: expected expression
/nix/store/hsdgsnzhdisa06gnra6q4q3dymcrkdw7-ruby-3.1.6/include/ruby-3.1.0/ruby/missing.h:153:20: note: expanded from macro 'finite'
# define finite(x) isfinite(x)
                   ^
/nix/store/2x9abkmnann7irj2k4s8ix4qh9ap5v42-libSystem-11.0.0/include/math.h:156:15: note: expanded from macro 'isfinite'
    : sizeof(x) == sizeof(double) ? __inline_isfinited((double)(x))      \
              ^
conftest.c:17:15: error: expected expression
/nix/store/hsdgsnzhdisa06gnra6q4q3dymcrkdw7-ruby-3.1.6/include/ruby-3.1.0/ruby/missing.h:153:20: note: expanded from macro 'finite'
# define finite(x) isfinite(x)
                   ^
/nix/store/2x9abkmnann7irj2k4s8ix4qh9ap5v42-libSystem-11.0.0/include/math.h:156:66: note: expanded from macro 'isfinite'
    : sizeof(x) == sizeof(double) ? __inline_isfinited((double)(x))      \
                                                                 ^
conftest.c:17:15: error: expected expression
/nix/store/hsdgsnzhdisa06gnra6q4q3dymcrkdw7-ruby-3.1.6/include/ruby-3.1.0/ruby/missing.h:153:20: note: expanded from macro 'finite'
# define finite(x) isfinite(x)
                   ^
/nix/store/2x9abkmnann7irj2k4s8ix4qh9ap5v42-libSystem-11.0.0/include/math.h:157:71: note: expanded from macro 'isfinite'
                                  : __inline_isfinitel((long double)(x)))
                                                                      ^
7 errors generated.
checked program was:
/* begin */
 1: #include "ruby.h"
 2: 
 3: #include <math.h>
 4: 
 5: /*top*/
 6: extern int t(void);
 7: int main(int argc, char **argv)
 8: {
 9:   if (argc > 1000000) {
10:     int (* volatile tp)(void)=(int (*)(void))&t;
11:     printf("%d", (*tp)());
12:   }
13: 
14:   return !!argv[argc];
15: }
16: extern void finite();
17: int t(void) { finite(); return 0; }
/* end */

--------------------

have_func: checking for isfinite() in math.h... -------------------- no

DYLD_FALLBACK_LIBRARY_PATH=.:/nix/store/hsdgsnzhdisa06gnra6q4q3dymcrkdw7-ruby-3.1.6/lib "clang -o conftest -I/nix/store/hsdgsnzhdisa06gnra6q4q3dymcrkdw7-ruby-3.1.6/include/ruby-3.1.0/arm64-darwin24 -I/nix/store/hsdgsnzhdisa06gnra6q4q3dymcrkdw7-ruby-3.1.6/include/ruby-3.1.0/ruby/backward -I/nix/store/hsdgsnzhdisa06gnra6q4q3dymcrkdw7-ruby-3.1.6/include/ruby-3.1.0 -I. -D_XOPEN_SOURCE -D_DARWIN_C_SOURCE -D_DARWIN_UNLIMITED_SELECT -D_REENTRANT   -fdeclspec -O3 -fno-fast-math -ggdb3 -Wall -Wextra -Wdeprecated-declarations -Wdivision-by-zero -Wimplicit-function-declaration -Wimplicit-int -Wmisleading-indentation -Wpointer-arith -Wshorten-64-to-32 -Wwrite-strings -Wold-style-definition -Wmissing-noreturn -Wno-cast-function-type -Wno-constant-logical-operand -Wno-long-long -Wno-missing-field-initializers -Wno-overlength-strings -Wno-parentheses-equality -Wno-self-assign -Wno-tautological-compare -Wno-unused-parameter -Wno-unused-value -Wunused-variable -Wextra-tokens -Wundef  -fno-common -pipe conftest.c  -L. -L/nix/store/hsdgsnzhdisa06gnra6q4q3dymcrkdw7-ruby-3.1.6/lib -L. -fstack-protector-strong -L/nix/store/8vaabmp60xqyc0qsmakp0jak87yv6xab-libffi-3.4.6-dev/lib -L/nix/store/kn4yni36n8fb9nch269n5fjbsj2nwr8a-ncurses-6.4-dev/lib -L/nix/store/qpcp03pklapa266n5dqx1s33sxqi3jq1-readline-8.2p10-dev/lib -L/nix/store/72hn9pm0swlxldcwi23w9vb55asmniq6-zlib-1.3.1-dev/lib -L/nix/store/v1b8769fcfih9b5ah54q2qbkqy9ia22r-openssl-3.0.14-dev/lib -L/nix/store/xmqa7p92x60wjd8zc7mra06jqkr0zkyg-gdbm-1.23/lib -L/nix/store/9am1xx4bm8xrmrl9wfwxa50l14sjcq41-libyaml-0.2.5-dev/lib -L/nix/store/z17njjix0mwdk1pkmj2zmvdksx7d4kp7-libobjc-11.0.0/lib -L/nix/store/eeeeeeeeeeeeeeeeeeeeeeeeeeeeeeee-clang-wrapper-16.0.6/resource-root/lib -L/nix/store/2x9abkmnann7irj2k4s8ix4qh9ap5v42-libSystem-11.0.0/lib     -lruby-3.1.6   "
conftest.c:16:57: error: use of undeclared identifier 'isfinite'
int t(void) { void ((*volatile p)()); p = (void ((*)()))isfinite; return !p; }
                                                        ^
1 error generated.
checked program was:
/* begin */
 1: #include "ruby.h"
 2: 
 3: #include <math.h>
 4: 
 5: /*top*/
 6: extern int t(void);
 7: int main(int argc, char **argv)
 8: {
 9:   if (argc > 1000000) {
10:     int (* volatile tp)(void)=(int (*)(void))&t;
11:     printf("%d", (*tp)());
12:   }
13: 
14:   return !!argv[argc];
15: }
16: int t(void) { void ((*volatile p)()); p = (void ((*)()))isfinite; return !p; }
/* end */

DYLD_FALLBACK_LIBRARY_PATH=.:/nix/store/hsdgsnzhdisa06gnra6q4q3dymcrkdw7-ruby-3.1.6/lib "clang -o conftest -I/nix/store/hsdgsnzhdisa06gnra6q4q3dymcrkdw7-ruby-3.1.6/include/ruby-3.1.0/arm64-darwin24 -I/nix/store/hsdgsnzhdisa06gnra6q4q3dymcrkdw7-ruby-3.1.6/include/ruby-3.1.0/ruby/backward -I/nix/store/hsdgsnzhdisa06gnra6q4q3dymcrkdw7-ruby-3.1.6/include/ruby-3.1.0 -I. -D_XOPEN_SOURCE -D_DARWIN_C_SOURCE -D_DARWIN_UNLIMITED_SELECT -D_REENTRANT   -fdeclspec -O3 -fno-fast-math -ggdb3 -Wall -Wextra -Wdeprecated-declarations -Wdivision-by-zero -Wimplicit-function-declaration -Wimplicit-int -Wmisleading-indentation -Wpointer-arith -Wshorten-64-to-32 -Wwrite-strings -Wold-style-definition -Wmissing-noreturn -Wno-cast-function-type -Wno-constant-logical-operand -Wno-long-long -Wno-missing-field-initializers -Wno-overlength-strings -Wno-parentheses-equality -Wno-self-assign -Wno-tautological-compare -Wno-unused-parameter -Wno-unused-value -Wunused-variable -Wextra-tokens -Wundef  -fno-common -pipe conftest.c  -L. -L/nix/store/hsdgsnzhdisa06gnra6q4q3dymcrkdw7-ruby-3.1.6/lib -L. -fstack-protector-strong -L/nix/store/8vaabmp60xqyc0qsmakp0jak87yv6xab-libffi-3.4.6-dev/lib -L/nix/store/kn4yni36n8fb9nch269n5fjbsj2nwr8a-ncurses-6.4-dev/lib -L/nix/store/qpcp03pklapa266n5dqx1s33sxqi3jq1-readline-8.2p10-dev/lib -L/nix/store/72hn9pm0swlxldcwi23w9vb55asmniq6-zlib-1.3.1-dev/lib -L/nix/store/v1b8769fcfih9b5ah54q2qbkqy9ia22r-openssl-3.0.14-dev/lib -L/nix/store/xmqa7p92x60wjd8zc7mra06jqkr0zkyg-gdbm-1.23/lib -L/nix/store/9am1xx4bm8xrmrl9wfwxa50l14sjcq41-libyaml-0.2.5-dev/lib -L/nix/store/z17njjix0mwdk1pkmj2zmvdksx7d4kp7-libobjc-11.0.0/lib -L/nix/store/eeeeeeeeeeeeeeeeeeeeeeeeeeeeeeee-clang-wrapper-16.0.6/resource-root/lib -L/nix/store/2x9abkmnann7irj2k4s8ix4qh9ap5v42-libSystem-11.0.0/lib     -lruby-3.1.6   "
conftest.c:16:13: error: expected identifier or '('
extern void isfinite();
            ^
/nix/store/2x9abkmnann7irj2k4s8ix4qh9ap5v42-libSystem-11.0.0/include/math.h:155:7: note: expanded from macro 'isfinite'
    ( sizeof(x) == sizeof(float)  ? __inline_isfinitef((float)(x))       \
      ^
conftest.c:16:13: error: expected ')'
/nix/store/2x9abkmnann7irj2k4s8ix4qh9ap5v42-libSystem-11.0.0/include/math.h:155:7: note: expanded from macro 'isfinite'
    ( sizeof(x) == sizeof(float)  ? __inline_isfinitef((float)(x))       \
      ^
conftest.c:16:13: note: to match this '('
/nix/store/2x9abkmnann7irj2k4s8ix4qh9ap5v42-libSystem-11.0.0/include/math.h:155:5: note: expanded from macro 'isfinite'
    ( sizeof(x) == sizeof(float)  ? __inline_isfinitef((float)(x))       \
    ^
conftest.c:17:15: error: expected expression
int t(void) { isfinite(); return 0; }
              ^
/nix/store/2x9abkmnann7irj2k4s8ix4qh9ap5v42-libSystem-11.0.0/include/math.h:155:15: note: expanded from macro 'isfinite'
    ( sizeof(x) == sizeof(float)  ? __inline_isfinitef((float)(x))       \
              ^
conftest.c:17:15: error: expected expression
/nix/store/2x9abkmnann7irj2k4s8ix4qh9ap5v42-libSystem-11.0.0/include/math.h:155:65: note: expanded from macro 'isfinite'
    ( sizeof(x) == sizeof(float)  ? __inline_isfinitef((float)(x))       \
                                                                ^
conftest.c:17:15: error: expected expression
/nix/store/2x9abkmnann7irj2k4s8ix4qh9ap5v42-libSystem-11.0.0/include/math.h:156:15: note: expanded from macro 'isfinite'
    : sizeof(x) == sizeof(double) ? __inline_isfinited((double)(x))      \
              ^
conftest.c:17:15: error: expected expression
/nix/store/2x9abkmnann7irj2k4s8ix4qh9ap5v42-libSystem-11.0.0/include/math.h:156:66: note: expanded from macro 'isfinite'
    : sizeof(x) == sizeof(double) ? __inline_isfinited((double)(x))      \
                                                                 ^
conftest.c:17:15: error: expected expression
/nix/store/2x9abkmnann7irj2k4s8ix4qh9ap5v42-libSystem-11.0.0/include/math.h:157:71: note: expanded from macro 'isfinite'
                                  : __inline_isfinitel((long double)(x)))
                                                                      ^
7 errors generated.
checked program was:
/* begin */
 1: #include "ruby.h"
 2: 
 3: #include <math.h>
 4: 
 5: /*top*/
 6: extern int t(void);
 7: int main(int argc, char **argv)
 8: {
 9:   if (argc > 1000000) {
10:     int (* volatile tp)(void)=(int (*)(void))&t;
11:     printf("%d", (*tp)());
12:   }
13: 
14:   return !!argv[argc];
15: }
16: extern void isfinite();
17: int t(void) { isfinite(); return 0; }
/* end */

--------------------

have_header: checking for ruby/atomic.h... -------------------- yes

DYLD_FALLBACK_LIBRARY_PATH=.:/nix/store/hsdgsnzhdisa06gnra6q4q3dymcrkdw7-ruby-3.1.6/lib "clang -I/nix/store/hsdgsnzhdisa06gnra6q4q3dymcrkdw7-ruby-3.1.6/include/ruby-3.1.0/arm64-darwin24 -I/nix/store/hsdgsnzhdisa06gnra6q4q3dymcrkdw7-ruby-3.1.6/include/ruby-3.1.0/ruby/backward -I/nix/store/hsdgsnzhdisa06gnra6q4q3dymcrkdw7-ruby-3.1.6/include/ruby-3.1.0 -I. -D_XOPEN_SOURCE -D_DARWIN_C_SOURCE -D_DARWIN_UNLIMITED_SELECT -D_REENTRANT   -fdeclspec -O3 -fno-fast-math -ggdb3 -Wall -Wextra -Wdeprecated-declarations -Wdivision-by-zero -Wimplicit-function-declaration -Wimplicit-int -Wmisleading-indentation -Wpointer-arith -Wshorten-64-to-32 -Wwrite-strings -Wold-style-definition -Wmissing-noreturn -Wno-cast-function-type -Wno-constant-logical-operand -Wno-long-long -Wno-missing-field-initializers -Wno-overlength-strings -Wno-parentheses-equality -Wno-self-assign -Wno-tautological-compare -Wno-unused-parameter -Wno-unused-value -Wunused-variable -Wextra-tokens -Wundef  -fno-common -pipe   -c conftest.c"
checked program was:
/* begin */
1: #include "ruby.h"
2: 
3: #include <ruby/atomic.h>
/* end */

--------------------

have_header: checking for ruby/internal/has/builtin.h... -------------------- yes

DYLD_FALLBACK_LIBRARY_PATH=.:/nix/store/hsdgsnzhdisa06gnra6q4q3dymcrkdw7-ruby-3.1.6/lib "clang -I/nix/store/hsdgsnzhdisa06gnra6q4q3dymcrkdw7-ruby-3.1.6/include/ruby-3.1.0/arm64-darwin24 -I/nix/store/hsdgsnzhdisa06gnra6q4q3dymcrkdw7-ruby-3.1.6/include/ruby-3.1.0/ruby/backward -I/nix/store/hsdgsnzhdisa06gnra6q4q3dymcrkdw7-ruby-3.1.6/include/ruby-3.1.0 -I. -D_XOPEN_SOURCE -D_DARWIN_C_SOURCE -D_DARWIN_UNLIMITED_SELECT -D_REENTRANT   -fdeclspec -O3 -fno-fast-math -ggdb3 -Wall -Wextra -Wdeprecated-declarations -Wdivision-by-zero -Wimplicit-function-declaration -Wimplicit-int -Wmisleading-indentation -Wpointer-arith -Wshorten-64-to-32 -Wwrite-strings -Wold-style-definition -Wmissing-noreturn -Wno-cast-function-type -Wno-constant-logical-operand -Wno-long-long -Wno-missing-field-initializers -Wno-overlength-strings -Wno-parentheses-equality -Wno-self-assign -Wno-tautological-compare -Wno-unused-parameter -Wno-unused-value -Wunused-variable -Wextra-tokens -Wundef  -fno-common -pipe   -c conftest.c"
checked program was:
/* begin */
1: #include "ruby.h"
2: 
3: #include <ruby/internal/has/builtin.h>
/* end */

--------------------

have_header: checking for ruby/internal/static_assert.h... -------------------- yes

DYLD_FALLBACK_LIBRARY_PATH=.:/nix/store/hsdgsnzhdisa06gnra6q4q3dymcrkdw7-ruby-3.1.6/lib "clang -I/nix/store/hsdgsnzhdisa06gnra6q4q3dymcrkdw7-ruby-3.1.6/include/ruby-3.1.0/arm64-darwin24 -I/nix/store/hsdgsnzhdisa06gnra6q4q3dymcrkdw7-ruby-3.1.6/include/ruby-3.1.0/ruby/backward -I/nix/store/hsdgsnzhdisa06gnra6q4q3dymcrkdw7-ruby-3.1.6/include/ruby-3.1.0 -I. -D_XOPEN_SOURCE -D_DARWIN_C_SOURCE -D_DARWIN_UNLIMITED_SELECT -D_REENTRANT   -fdeclspec -O3 -fno-fast-math -ggdb3 -Wall -Wextra -Wdeprecated-declarations -Wdivision-by-zero -Wimplicit-function-declaration -Wimplicit-int -Wmisleading-indentation -Wpointer-arith -Wshorten-64-to-32 -Wwrite-strings -Wold-style-definition -Wmissing-noreturn -Wno-cast-function-type -Wno-constant-logical-operand -Wno-long-long -Wno-missing-field-initializers -Wno-overlength-strings -Wno-parentheses-equality -Wno-self-assign -Wno-tautological-compare -Wno-unused-parameter -Wno-unused-value -Wunused-variable -Wextra-tokens -Wundef  -fno-common -pipe   -c conftest.c"
checked program was:
/* begin */
1: #include "ruby.h"
2: 
3: #include <ruby/internal/static_assert.h>
/* end */

--------------------

have_func: checking for rb_rational_num() in ruby.h... -------------------- yes

DYLD_FALLBACK_LIBRARY_PATH=.:/nix/store/hsdgsnzhdisa06gnra6q4q3dymcrkdw7-ruby-3.1.6/lib "clang -o conftest -I/nix/store/hsdgsnzhdisa06gnra6q4q3dymcrkdw7-ruby-3.1.6/include/ruby-3.1.0/arm64-darwin24 -I/nix/store/hsdgsnzhdisa06gnra6q4q3dymcrkdw7-ruby-3.1.6/include/ruby-3.1.0/ruby/backward -I/nix/store/hsdgsnzhdisa06gnra6q4q3dymcrkdw7-ruby-3.1.6/include/ruby-3.1.0 -I. -D_XOPEN_SOURCE -D_DARWIN_C_SOURCE -D_DARWIN_UNLIMITED_SELECT -D_REENTRANT   -fdeclspec -O3 -fno-fast-math -ggdb3 -Wall -Wextra -Wdeprecated-declarations -Wdivision-by-zero -Wimplicit-function-declaration -Wimplicit-int -Wmisleading-indentation -Wpointer-arith -Wshorten-64-to-32 -Wwrite-strings -Wold-style-definition -Wmissing-noreturn -Wno-cast-function-type -Wno-constant-logical-operand -Wno-long-long -Wno-missing-field-initializers -Wno-overlength-strings -Wno-parentheses-equality -Wno-self-assign -Wno-tautological-compare -Wno-unused-parameter -Wno-unused-value -Wunused-variable -Wextra-tokens -Wundef  -fno-common -pipe conftest.c  -L. -L/nix/store/hsdgsnzhdisa06gnra6q4q3dymcrkdw7-ruby-3.1.6/lib -L. -fstack-protector-strong -L/nix/store/8vaabmp60xqyc0qsmakp0jak87yv6xab-libffi-3.4.6-dev/lib -L/nix/store/kn4yni36n8fb9nch269n5fjbsj2nwr8a-ncurses-6.4-dev/lib -L/nix/store/qpcp03pklapa266n5dqx1s33sxqi3jq1-readline-8.2p10-dev/lib -L/nix/store/72hn9pm0swlxldcwi23w9vb55asmniq6-zlib-1.3.1-dev/lib -L/nix/store/v1b8769fcfih9b5ah54q2qbkqy9ia22r-openssl-3.0.14-dev/lib -L/nix/store/xmqa7p92x60wjd8zc7mra06jqkr0zkyg-gdbm-1.23/lib -L/nix/store/9am1xx4bm8xrmrl9wfwxa50l14sjcq41-libyaml-0.2.5-dev/lib -L/nix/store/z17njjix0mwdk1pkmj2zmvdksx7d4kp7-libobjc-11.0.0/lib -L/nix/store/eeeeeeeeeeeeeeeeeeeeeeeeeeeeeeee-clang-wrapper-16.0.6/resource-root/lib -L/nix/store/2x9abkmnann7irj2k4s8ix4qh9ap5v42-libSystem-11.0.0/lib     -lruby-3.1.6   "
ld: warning: directory not found for option '-L/nix/store/eeeeeeeeeeeeeeeeeeeeeeeeeeeeeeee-clang-wrapper-16.0.6/resource-root/lib'
checked program was:
/* begin */
 1: #include "ruby.h"
 2: 
 3: #include <ruby.h>
 4: 
 5: /*top*/
 6: extern int t(void);
 7: int main(int argc, char **argv)
 8: {
 9:   if (argc > 1000000) {
10:     int (* volatile tp)(void)=(int (*)(void))&t;
11:     printf("%d", (*tp)());
12:   }
13: 
14:   return !!argv[argc];
15: }
16: int t(void) { void ((*volatile p)()); p = (void ((*)()))rb_rational_num; return !p; }
/* end */

--------------------

have_func: checking for rb_rational_den() in ruby.h... -------------------- yes

DYLD_FALLBACK_LIBRARY_PATH=.:/nix/store/hsdgsnzhdisa06gnra6q4q3dymcrkdw7-ruby-3.1.6/lib "clang -o conftest -I/nix/store/hsdgsnzhdisa06gnra6q4q3dymcrkdw7-ruby-3.1.6/include/ruby-3.1.0/arm64-darwin24 -I/nix/store/hsdgsnzhdisa06gnra6q4q3dymcrkdw7-ruby-3.1.6/include/ruby-3.1.0/ruby/backward -I/nix/store/hsdgsnzhdisa06gnra6q4q3dymcrkdw7-ruby-3.1.6/include/ruby-3.1.0 -I. -D_XOPEN_SOURCE -D_DARWIN_C_SOURCE -D_DARWIN_UNLIMITED_SELECT -D_REENTRANT   -fdeclspec -O3 -fno-fast-math -ggdb3 -Wall -Wextra -Wdeprecated-declarations -Wdivision-by-zero -Wimplicit-function-declaration -Wimplicit-int -Wmisleading-indentation -Wpointer-arith -Wshorten-64-to-32 -Wwrite-strings -Wold-style-definition -Wmissing-noreturn -Wno-cast-function-type -Wno-constant-logical-operand -Wno-long-long -Wno-missing-field-initializers -Wno-overlength-strings -Wno-parentheses-equality -Wno-self-assign -Wno-tautological-compare -Wno-unused-parameter -Wno-unused-value -Wunused-variable -Wextra-tokens -Wundef  -fno-common -pipe conftest.c  -L. -L/nix/store/hsdgsnzhdisa06gnra6q4q3dymcrkdw7-ruby-3.1.6/lib -L. -fstack-protector-strong -L/nix/store/8vaabmp60xqyc0qsmakp0jak87yv6xab-libffi-3.4.6-dev/lib -L/nix/store/kn4yni36n8fb9nch269n5fjbsj2nwr8a-ncurses-6.4-dev/lib -L/nix/store/qpcp03pklapa266n5dqx1s33sxqi3jq1-readline-8.2p10-dev/lib -L/nix/store/72hn9pm0swlxldcwi23w9vb55asmniq6-zlib-1.3.1-dev/lib -L/nix/store/v1b8769fcfih9b5ah54q2qbkqy9ia22r-openssl-3.0.14-dev/lib -L/nix/store/xmqa7p92x60wjd8zc7mra06jqkr0zkyg-gdbm-1.23/lib -L/nix/store/9am1xx4bm8xrmrl9wfwxa50l14sjcq41-libyaml-0.2.5-dev/lib -L/nix/store/z17njjix0mwdk1pkmj2zmvdksx7d4kp7-libobjc-11.0.0/lib -L/nix/store/eeeeeeeeeeeeeeeeeeeeeeeeeeeeeeee-clang-wrapper-16.0.6/resource-root/lib -L/nix/store/2x9abkmnann7irj2k4s8ix4qh9ap5v42-libSystem-11.0.0/lib     -lruby-3.1.6   "
ld: warning: directory not found for option '-L/nix/store/eeeeeeeeeeeeeeeeeeeeeeeeeeeeeeee-clang-wrapper-16.0.6/resource-root/lib'
checked program was:
/* begin */
 1: #include "ruby.h"
 2: 
 3: #include <ruby.h>
 4: 
 5: /*top*/
 6: extern int t(void);
 7: int main(int argc, char **argv)
 8: {
 9:   if (argc > 1000000) {
10:     int (* volatile tp)(void)=(int (*)(void))&t;
11:     printf("%d", (*tp)());
12:   }
13: 
14:   return !!argv[argc];
15: }
16: int t(void) { void ((*volatile p)()); p = (void ((*)()))rb_rational_den; return !p; }
/* end */

--------------------

have_func: checking for rb_complex_real() in ruby.h... -------------------- yes

DYLD_FALLBACK_LIBRARY_PATH=.:/nix/store/hsdgsnzhdisa06gnra6q4q3dymcrkdw7-ruby-3.1.6/lib "clang -o conftest -I/nix/store/hsdgsnzhdisa06gnra6q4q3dymcrkdw7-ruby-3.1.6/include/ruby-3.1.0/arm64-darwin24 -I/nix/store/hsdgsnzhdisa06gnra6q4q3dymcrkdw7-ruby-3.1.6/include/ruby-3.1.0/ruby/backward -I/nix/store/hsdgsnzhdisa06gnra6q4q3dymcrkdw7-ruby-3.1.6/include/ruby-3.1.0 -I. -D_XOPEN_SOURCE -D_DARWIN_C_SOURCE -D_DARWIN_UNLIMITED_SELECT -D_REENTRANT   -fdeclspec -O3 -fno-fast-math -ggdb3 -Wall -Wextra -Wdeprecated-declarations -Wdivision-by-zero -Wimplicit-function-declaration -Wimplicit-int -Wmisleading-indentation -Wpointer-arith -Wshorten-64-to-32 -Wwrite-strings -Wold-style-definition -Wmissing-noreturn -Wno-cast-function-type -Wno-constant-logical-operand -Wno-long-long -Wno-missing-field-initializers -Wno-overlength-strings -Wno-parentheses-equality -Wno-self-assign -Wno-tautological-compare -Wno-unused-parameter -Wno-unused-value -Wunused-variable -Wextra-tokens -Wundef  -fno-common -pipe conftest.c  -L. -L/nix/store/hsdgsnzhdisa06gnra6q4q3dymcrkdw7-ruby-3.1.6/lib -L. -fstack-protector-strong -L/nix/store/8vaabmp60xqyc0qsmakp0jak87yv6xab-libffi-3.4.6-dev/lib -L/nix/store/kn4yni36n8fb9nch269n5fjbsj2nwr8a-ncurses-6.4-dev/lib -L/nix/store/qpcp03pklapa266n5dqx1s33sxqi3jq1-readline-8.2p10-dev/lib -L/nix/store/72hn9pm0swlxldcwi23w9vb55asmniq6-zlib-1.3.1-dev/lib -L/nix/store/v1b8769fcfih9b5ah54q2qbkqy9ia22r-openssl-3.0.14-dev/lib -L/nix/store/xmqa7p92x60wjd8zc7mra06jqkr0zkyg-gdbm-1.23/lib -L/nix/store/9am1xx4bm8xrmrl9wfwxa50l14sjcq41-libyaml-0.2.5-dev/lib -L/nix/store/z17njjix0mwdk1pkmj2zmvdksx7d4kp7-libobjc-11.0.0/lib -L/nix/store/eeeeeeeeeeeeeeeeeeeeeeeeeeeeeeee-clang-wrapper-16.0.6/resource-root/lib -L/nix/store/2x9abkmnann7irj2k4s8ix4qh9ap5v42-libSystem-11.0.0/lib     -lruby-3.1.6   "
ld: warning: directory not found for option '-L/nix/store/eeeeeeeeeeeeeeeeeeeeeeeeeeeeeeee-clang-wrapper-16.0.6/resource-root/lib'
checked program was:
/* begin */
 1: #include "ruby.h"
 2: 
 3: #include <ruby.h>
 4: 
 5: /*top*/
 6: extern int t(void);
 7: int main(int argc, char **argv)
 8: {
 9:   if (argc > 1000000) {
10:     int (* volatile tp)(void)=(int (*)(void))&t;
11:     printf("%d", (*tp)());
12:   }
13: 
14:   return !!argv[argc];
15: }
16: int t(void) { void ((*volatile p)()); p = (void ((*)()))rb_complex_real; return !p; }
/* end */

--------------------

have_func: checking for rb_complex_imag() in ruby.h... -------------------- yes

DYLD_FALLBACK_LIBRARY_PATH=.:/nix/store/hsdgsnzhdisa06gnra6q4q3dymcrkdw7-ruby-3.1.6/lib "clang -o conftest -I/nix/store/hsdgsnzhdisa06gnra6q4q3dymcrkdw7-ruby-3.1.6/include/ruby-3.1.0/arm64-darwin24 -I/nix/store/hsdgsnzhdisa06gnra6q4q3dymcrkdw7-ruby-3.1.6/include/ruby-3.1.0/ruby/backward -I/nix/store/hsdgsnzhdisa06gnra6q4q3dymcrkdw7-ruby-3.1.6/include/ruby-3.1.0 -I. -D_XOPEN_SOURCE -D_DARWIN_C_SOURCE -D_DARWIN_UNLIMITED_SELECT -D_REENTRANT   -fdeclspec -O3 -fno-fast-math -ggdb3 -Wall -Wextra -Wdeprecated-declarations -Wdivision-by-zero -Wimplicit-function-declaration -Wimplicit-int -Wmisleading-indentation -Wpointer-arith -Wshorten-64-to-32 -Wwrite-strings -Wold-style-definition -Wmissing-noreturn -Wno-cast-function-type -Wno-constant-logical-operand -Wno-long-long -Wno-missing-field-initializers -Wno-overlength-strings -Wno-parentheses-equality -Wno-self-assign -Wno-tautological-compare -Wno-unused-parameter -Wno-unused-value -Wunused-variable -Wextra-tokens -Wundef  -fno-common -pipe conftest.c  -L. -L/nix/store/hsdgsnzhdisa06gnra6q4q3dymcrkdw7-ruby-3.1.6/lib -L. -fstack-protector-strong -L/nix/store/8vaabmp60xqyc0qsmakp0jak87yv6xab-libffi-3.4.6-dev/lib -L/nix/store/kn4yni36n8fb9nch269n5fjbsj2nwr8a-ncurses-6.4-dev/lib -L/nix/store/qpcp03pklapa266n5dqx1s33sxqi3jq1-readline-8.2p10-dev/lib -L/nix/store/72hn9pm0swlxldcwi23w9vb55asmniq6-zlib-1.3.1-dev/lib -L/nix/store/v1b8769fcfih9b5ah54q2qbkqy9ia22r-openssl-3.0.14-dev/lib -L/nix/store/xmqa7p92x60wjd8zc7mra06jqkr0zkyg-gdbm-1.23/lib -L/nix/store/9am1xx4bm8xrmrl9wfwxa50l14sjcq41-libyaml-0.2.5-dev/lib -L/nix/store/z17njjix0mwdk1pkmj2zmvdksx7d4kp7-libobjc-11.0.0/lib -L/nix/store/eeeeeeeeeeeeeeeeeeeeeeeeeeeeeeee-clang-wrapper-16.0.6/resource-root/lib -L/nix/store/2x9abkmnann7irj2k4s8ix4qh9ap5v42-libSystem-11.0.0/lib     -lruby-3.1.6   "
ld: warning: directory not found for option '-L/nix/store/eeeeeeeeeeeeeeeeeeeeeeeeeeeeeeee-clang-wrapper-16.0.6/resource-root/lib'
checked program was:
/* begin */
 1: #include "ruby.h"
 2: 
 3: #include <ruby.h>
 4: 
 5: /*top*/
 6: extern int t(void);
 7: int main(int argc, char **argv)
 8: {
 9:   if (argc > 1000000) {
10:     int (* volatile tp)(void)=(int (*)(void))&t;
11:     printf("%d", (*tp)());
12:   }
13: 
14:   return !!argv[argc];
15: }
16: int t(void) { void ((*volatile p)()); p = (void ((*)()))rb_complex_imag; return !p; }
/* end */

--------------------

have_func: checking for rb_opts_exception_p() in ruby.h... -------------------- yes

DYLD_FALLBACK_LIBRARY_PATH=.:/nix/store/hsdgsnzhdisa06gnra6q4q3dymcrkdw7-ruby-3.1.6/lib "clang -o conftest -I/nix/store/hsdgsnzhdisa06gnra6q4q3dymcrkdw7-ruby-3.1.6/include/ruby-3.1.0/arm64-darwin24 -I/nix/store/hsdgsnzhdisa06gnra6q4q3dymcrkdw7-ruby-3.1.6/include/ruby-3.1.0/ruby/backward -I/nix/store/hsdgsnzhdisa06gnra6q4q3dymcrkdw7-ruby-3.1.6/include/ruby-3.1.0 -I. -D_XOPEN_SOURCE -D_DARWIN_C_SOURCE -D_DARWIN_UNLIMITED_SELECT -D_REENTRANT   -fdeclspec -O3 -fno-fast-math -ggdb3 -Wall -Wextra -Wdeprecated-declarations -Wdivision-by-zero -Wimplicit-function-declaration -Wimplicit-int -Wmisleading-indentation -Wpointer-arith -Wshorten-64-to-32 -Wwrite-strings -Wold-style-definition -Wmissing-noreturn -Wno-cast-function-type -Wno-constant-logical-operand -Wno-long-long -Wno-missing-field-initializers -Wno-overlength-strings -Wno-parentheses-equality -Wno-self-assign -Wno-tautological-compare -Wno-unused-parameter -Wno-unused-value -Wunused-variable -Wextra-tokens -Wundef  -fno-common -pipe conftest.c  -L. -L/nix/store/hsdgsnzhdisa06gnra6q4q3dymcrkdw7-ruby-3.1.6/lib -L. -fstack-protector-strong -L/nix/store/8vaabmp60xqyc0qsmakp0jak87yv6xab-libffi-3.4.6-dev/lib -L/nix/store/kn4yni36n8fb9nch269n5fjbsj2nwr8a-ncurses-6.4-dev/lib -L/nix/store/qpcp03pklapa266n5dqx1s33sxqi3jq1-readline-8.2p10-dev/lib -L/nix/store/72hn9pm0swlxldcwi23w9vb55asmniq6-zlib-1.3.1-dev/lib -L/nix/store/v1b8769fcfih9b5ah54q2qbkqy9ia22r-openssl-3.0.14-dev/lib -L/nix/store/xmqa7p92x60wjd8zc7mra06jqkr0zkyg-gdbm-1.23/lib -L/nix/store/9am1xx4bm8xrmrl9wfwxa50l14sjcq41-libyaml-0.2.5-dev/lib -L/nix/store/z17njjix0mwdk1pkmj2zmvdksx7d4kp7-libobjc-11.0.0/lib -L/nix/store/eeeeeeeeeeeeeeeeeeeeeeeeeeeeeeee-clang-wrapper-16.0.6/resource-root/lib -L/nix/store/2x9abkmnann7irj2k4s8ix4qh9ap5v42-libSystem-11.0.0/lib     -lruby-3.1.6   "
conftest.c:16:57: error: use of undeclared identifier 'rb_opts_exception_p'
int t(void) { void ((*volatile p)()); p = (void ((*)()))rb_opts_exception_p; return !p; }
                                                        ^
1 error generated.
checked program was:
/* begin */
 1: #include "ruby.h"
 2: 
 3: #include <ruby.h>
 4: 
 5: /*top*/
 6: extern int t(void);
 7: int main(int argc, char **argv)
 8: {
 9:   if (argc > 1000000) {
10:     int (* volatile tp)(void)=(int (*)(void))&t;
11:     printf("%d", (*tp)());
12:   }
13: 
14:   return !!argv[argc];
15: }
16: int t(void) { void ((*volatile p)()); p = (void ((*)()))rb_opts_exception_p; return !p; }
/* end */

DYLD_FALLBACK_LIBRARY_PATH=.:/nix/store/hsdgsnzhdisa06gnra6q4q3dymcrkdw7-ruby-3.1.6/lib "clang -o conftest -I/nix/store/hsdgsnzhdisa06gnra6q4q3dymcrkdw7-ruby-3.1.6/include/ruby-3.1.0/arm64-darwin24 -I/nix/store/hsdgsnzhdisa06gnra6q4q3dymcrkdw7-ruby-3.1.6/include/ruby-3.1.0/ruby/backward -I/nix/store/hsdgsnzhdisa06gnra6q4q3dymcrkdw7-ruby-3.1.6/include/ruby-3.1.0 -I. -D_XOPEN_SOURCE -D_DARWIN_C_SOURCE -D_DARWIN_UNLIMITED_SELECT -D_REENTRANT   -fdeclspec -O3 -fno-fast-math -ggdb3 -Wall -Wextra -Wdeprecated-declarations -Wdivision-by-zero -Wimplicit-function-declaration -Wimplicit-int -Wmisleading-indentation -Wpointer-arith -Wshorten-64-to-32 -Wwrite-strings -Wold-style-definition -Wmissing-noreturn -Wno-cast-function-type -Wno-constant-logical-operand -Wno-long-long -Wno-missing-field-initializers -Wno-overlength-strings -Wno-parentheses-equality -Wno-self-assign -Wno-tautological-compare -Wno-unused-parameter -Wno-unused-value -Wunused-variable -Wextra-tokens -Wundef  -fno-common -pipe conftest.c  -L. -L/nix/store/hsdgsnzhdisa06gnra6q4q3dymcrkdw7-ruby-3.1.6/lib -L. -fstack-protector-strong -L/nix/store/8vaabmp60xqyc0qsmakp0jak87yv6xab-libffi-3.4.6-dev/lib -L/nix/store/kn4yni36n8fb9nch269n5fjbsj2nwr8a-ncurses-6.4-dev/lib -L/nix/store/qpcp03pklapa266n5dqx1s33sxqi3jq1-readline-8.2p10-dev/lib -L/nix/store/72hn9pm0swlxldcwi23w9vb55asmniq6-zlib-1.3.1-dev/lib -L/nix/store/v1b8769fcfih9b5ah54q2qbkqy9ia22r-openssl-3.0.14-dev/lib -L/nix/store/xmqa7p92x60wjd8zc7mra06jqkr0zkyg-gdbm-1.23/lib -L/nix/store/9am1xx4bm8xrmrl9wfwxa50l14sjcq41-libyaml-0.2.5-dev/lib -L/nix/store/z17njjix0mwdk1pkmj2zmvdksx7d4kp7-libobjc-11.0.0/lib -L/nix/store/eeeeeeeeeeeeeeeeeeeeeeeeeeeeeeee-clang-wrapper-16.0.6/resource-root/lib -L/nix/store/2x9abkmnann7irj2k4s8ix4qh9ap5v42-libSystem-11.0.0/lib     -lruby-3.1.6   "
ld: warning: directory not found for option '-L/nix/store/eeeeeeeeeeeeeeeeeeeeeeeeeeeeeeee-clang-wrapper-16.0.6/resource-root/lib'
checked program was:
/* begin */
 1: #include "ruby.h"
 2: 
 3: #include <ruby.h>
 4: 
 5: /*top*/
 6: extern int t(void);
 7: int main(int argc, char **argv)
 8: {
 9:   if (argc > 1000000) {
10:     int (* volatile tp)(void)=(int (*)(void))&t;
11:     printf("%d", (*tp)());
12:   }
13: 
14:   return !!argv[argc];
15: }
16: extern void rb_opts_exception_p();
17: int t(void) { rb_opts_exception_p(); return 0; }
/* end */

--------------------

have_func: checking for rb_category_warn() in ruby.h... -------------------- yes

DYLD_FALLBACK_LIBRARY_PATH=.:/nix/store/hsdgsnzhdisa06gnra6q4q3dymcrkdw7-ruby-3.1.6/lib "clang -o conftest -I/nix/store/hsdgsnzhdisa06gnra6q4q3dymcrkdw7-ruby-3.1.6/include/ruby-3.1.0/arm64-darwin24 -I/nix/store/hsdgsnzhdisa06gnra6q4q3dymcrkdw7-ruby-3.1.6/include/ruby-3.1.0/ruby/backward -I/nix/store/hsdgsnzhdisa06gnra6q4q3dymcrkdw7-ruby-3.1.6/include/ruby-3.1.0 -I. -D_XOPEN_SOURCE -D_DARWIN_C_SOURCE -D_DARWIN_UNLIMITED_SELECT -D_REENTRANT   -fdeclspec -O3 -fno-fast-math -ggdb3 -Wall -Wextra -Wdeprecated-declarations -Wdivision-by-zero -Wimplicit-function-declaration -Wimplicit-int -Wmisleading-indentation -Wpointer-arith -Wshorten-64-to-32 -Wwrite-strings -Wold-style-definition -Wmissing-noreturn -Wno-cast-function-type -Wno-constant-logical-operand -Wno-long-long -Wno-missing-field-initializers -Wno-overlength-strings -Wno-parentheses-equality -Wno-self-assign -Wno-tautological-compare -Wno-unused-parameter -Wno-unused-value -Wunused-variable -Wextra-tokens -Wundef  -fno-common -pipe conftest.c  -L. -L/nix/store/hsdgsnzhdisa06gnra6q4q3dymcrkdw7-ruby-3.1.6/lib -L. -fstack-protector-strong -L/nix/store/8vaabmp60xqyc0qsmakp0jak87yv6xab-libffi-3.4.6-dev/lib -L/nix/store/kn4yni36n8fb9nch269n5fjbsj2nwr8a-ncurses-6.4-dev/lib -L/nix/store/qpcp03pklapa266n5dqx1s33sxqi3jq1-readline-8.2p10-dev/lib -L/nix/store/72hn9pm0swlxldcwi23w9vb55asmniq6-zlib-1.3.1-dev/lib -L/nix/store/v1b8769fcfih9b5ah54q2qbkqy9ia22r-openssl-3.0.14-dev/lib -L/nix/store/xmqa7p92x60wjd8zc7mra06jqkr0zkyg-gdbm-1.23/lib -L/nix/store/9am1xx4bm8xrmrl9wfwxa50l14sjcq41-libyaml-0.2.5-dev/lib -L/nix/store/z17njjix0mwdk1pkmj2zmvdksx7d4kp7-libobjc-11.0.0/lib -L/nix/store/eeeeeeeeeeeeeeeeeeeeeeeeeeeeeeee-clang-wrapper-16.0.6/resource-root/lib -L/nix/store/2x9abkmnann7irj2k4s8ix4qh9ap5v42-libSystem-11.0.0/lib     -lruby-3.1.6   "
ld: warning: directory not found for option '-L/nix/store/eeeeeeeeeeeeeeeeeeeeeeeeeeeeeeee-clang-wrapper-16.0.6/resource-root/lib'
checked program was:
/* begin */
 1: #include "ruby.h"
 2: 
 3: #include <ruby.h>
 4: 
 5: /*top*/
 6: extern int t(void);
 7: int main(int argc, char **argv)
 8: {
 9:   if (argc > 1000000) {
10:     int (* volatile tp)(void)=(int (*)(void))&t;
11:     printf("%d", (*tp)());
12:   }
13: 
14:   return !!argv[argc];
15: }
16: int t(void) { void ((*volatile p)()); p = (void ((*)()))rb_category_warn; return !p; }
/* end */

--------------------

have_const: checking for RB_WARN_CATEGORY_DEPRECATED in ruby.h... -------------------- yes

DYLD_FALLBACK_LIBRARY_PATH=.:/nix/store/hsdgsnzhdisa06gnra6q4q3dymcrkdw7-ruby-3.1.6/lib "clang -I/nix/store/hsdgsnzhdisa06gnra6q4q3dymcrkdw7-ruby-3.1.6/include/ruby-3.1.0/arm64-darwin24 -I/nix/store/hsdgsnzhdisa06gnra6q4q3dymcrkdw7-ruby-3.1.6/include/ruby-3.1.0/ruby/backward -I/nix/store/hsdgsnzhdisa06gnra6q4q3dymcrkdw7-ruby-3.1.6/include/ruby-3.1.0 -I. -D_XOPEN_SOURCE -D_DARWIN_C_SOURCE -D_DARWIN_UNLIMITED_SELECT -D_REENTRANT   -fdeclspec -O3 -fno-fast-math -ggdb3 -Wall -Wextra -Wdeprecated-declarations -Wdivision-by-zero -Wimplicit-function-declaration -Wimplicit-int -Wmisleading-indentation -Wpointer-arith -Wshorten-64-to-32 -Wwrite-strings -Wold-style-definition -Wmissing-noreturn -Wno-cast-function-type -Wno-constant-logical-operand -Wno-long-long -Wno-missing-field-initializers -Wno-overlength-strings -Wno-parentheses-equality -Wno-self-assign -Wno-tautological-compare -Wno-unused-parameter -Wno-unused-value -Wunused-variable -Wextra-tokens -Wundef  -fno-common -pipe   -c conftest.c"
checked program was:
/* begin */
1: #include "ruby.h"
2: 
3: #include <ruby.h>
4: 
5: /*top*/
6: typedef int conftest_type;
7: conftest_type conftestval = (int)RB_WARN_CATEGORY_DEPRECATED;
/* end */

--------------------

